{"D:\\Gerardo\\workspace\\proyectoTaller5\\sistemaGestionCursos\\frontend\\src\\App.jsx": {"path":"D:\\Gerardo\\workspace\\proyectoTaller5\\sistemaGestionCursos\\frontend\\src\\App.jsx","statementMap":{"0":{"start":{"line":15,"column":2},"end":{"line":47,"column":4}}},"fnMap":{"0":{"name":"App","decl":{"start":{"line":14,"column":9},"end":{"line":14,"column":12}},"loc":{"start":{"line":14,"column":15},"end":{"line":48,"column":1}},"line":14}},"branchMap":{},"s":{"0":0},"f":{"0":0},"b":{}}
,"D:\\Gerardo\\workspace\\proyectoTaller5\\sistemaGestionCursos\\frontend\\src\\main.jsx": {"path":"D:\\Gerardo\\workspace\\proyectoTaller5\\sistemaGestionCursos\\frontend\\src\\main.jsx","statementMap":{"0":{"start":{"line":9,"column":0},"end":{"line":18,"column":2}}},"fnMap":{},"branchMap":{},"s":{"0":0},"f":{},"b":{}}
,"D:\\Gerardo\\workspace\\proyectoTaller5\\sistemaGestionCursos\\frontend\\src\\api\\api.js": {"path":"D:\\Gerardo\\workspace\\proyectoTaller5\\sistemaGestionCursos\\frontend\\src\\api\\api.js","statementMap":{"0":{"start":{"line":4,"column":12},"end":{"line":7,"column":2}},"1":{"start":{"line":10,"column":0},"end":{"line":14,"column":3}},"2":{"start":{"line":11,"column":16},"end":{"line":11,"column":45}},"3":{"start":{"line":12,"column":2},"end":{"line":12,"column":62}},"4":{"start":{"line":12,"column":13},"end":{"line":12,"column":62}},"5":{"start":{"line":13,"column":2},"end":{"line":13,"column":16}}},"fnMap":{"0":{"name":"(anonymous_0)","decl":{"start":{"line":10,"column":29},"end":{"line":10,"column":30}},"loc":{"start":{"line":10,"column":39},"end":{"line":14,"column":1}},"line":10}},"branchMap":{"0":{"loc":{"start":{"line":5,"column":11},"end":{"line":5,"column":71}},"type":"binary-expr","locations":[{"start":{"line":5,"column":11},"end":{"line":5,"column":40}},{"start":{"line":5,"column":44},"end":{"line":5,"column":71}}],"line":5},"1":{"loc":{"start":{"line":12,"column":2},"end":{"line":12,"column":62}},"type":"if","locations":[{"start":{"line":12,"column":2},"end":{"line":12,"column":62}},{"start":{},"end":{}}],"line":12}},"s":{"0":0,"1":0,"2":0,"3":0,"4":0,"5":0},"f":{"0":0},"b":{"0":[0,0],"1":[0,0]}}
,"D:\\Gerardo\\workspace\\proyectoTaller5\\sistemaGestionCursos\\frontend\\src\\api\\axiosInstance.js": {"path":"D:\\Gerardo\\workspace\\proyectoTaller5\\sistemaGestionCursos\\frontend\\src\\api\\axiosInstance.js","statementMap":{"0":{"start":{"line":3,"column":22},"end":{"line":6,"column":2}}},"fnMap":{},"branchMap":{},"s":{"0":0},"f":{},"b":{}}
,"D:\\Gerardo\\workspace\\proyectoTaller5\\sistemaGestionCursos\\frontend\\src\\components\\ProtectedRoute.jsx": {"path":"D:\\Gerardo\\workspace\\proyectoTaller5\\sistemaGestionCursos\\frontend\\src\\components\\ProtectedRoute.jsx","statementMap":{"0":{"start":{"line":7,"column":19},"end":{"line":7,"column":42}},"1":{"start":{"line":9,"column":2},"end":{"line":9,"column":53}},"2":{"start":{"line":9,"column":13},"end":{"line":9,"column":53}},"3":{"start":{"line":10,"column":2},"end":{"line":10,"column":78}},"4":{"start":{"line":10,"column":43},"end":{"line":10,"column":78}},"5":{"start":{"line":12,"column":2},"end":{"line":12,"column":20}}},"fnMap":{"0":{"name":"ProtectedRoute","decl":{"start":{"line":6,"column":24},"end":{"line":6,"column":38}},"loc":{"start":{"line":6,"column":50},"end":{"line":13,"column":1}},"line":6}},"branchMap":{"0":{"loc":{"start":{"line":9,"column":2},"end":{"line":9,"column":53}},"type":"if","locations":[{"start":{"line":9,"column":2},"end":{"line":9,"column":53}},{"start":{},"end":{}}],"line":9},"1":{"loc":{"start":{"line":10,"column":2},"end":{"line":10,"column":78}},"type":"if","locations":[{"start":{"line":10,"column":2},"end":{"line":10,"column":78}},{"start":{},"end":{}}],"line":10},"2":{"loc":{"start":{"line":10,"column":6},"end":{"line":10,"column":41}},"type":"binary-expr","locations":[{"start":{"line":10,"column":6},"end":{"line":10,"column":11}},{"start":{"line":10,"column":15},"end":{"line":10,"column":41}}],"line":10}},"s":{"0":0,"1":0,"2":0,"3":0,"4":0,"5":0},"f":{"0":0},"b":{"0":[0,0],"1":[0,0],"2":[0,0]}}
,"D:\\Gerardo\\workspace\\proyectoTaller5\\sistemaGestionCursos\\frontend\\src\\contexts\\AuthContext.jsx": {"path":"D:\\Gerardo\\workspace\\proyectoTaller5\\sistemaGestionCursos\\frontend\\src\\contexts\\AuthContext.jsx","statementMap":{"0":{"start":{"line":5,"column":27},"end":{"line":5,"column":42}},"1":{"start":{"line":8,"column":26},"end":{"line":8,"column":40}},"2":{"start":{"line":10,"column":2},"end":{"line":13,"column":9}},"3":{"start":{"line":11,"column":19},"end":{"line":11,"column":59}},"4":{"start":{"line":12,"column":4},"end":{"line":12,"column":32}},"5":{"start":{"line":12,"column":16},"end":{"line":12,"column":32}},"6":{"start":{"line":15,"column":16},"end":{"line":20,"column":3}},"7":{"start":{"line":16,"column":21},"end":{"line":16,"column":71}},"8":{"start":{"line":17,"column":4},"end":{"line":17,"column":46}},"9":{"start":{"line":18,"column":4},"end":{"line":18,"column":60}},"10":{"start":{"line":19,"column":4},"end":{"line":19,"column":23}},"11":{"start":{"line":22,"column":17},"end":{"line":26,"column":3}},"12":{"start":{"line":23,"column":4},"end":{"line":23,"column":37}},"13":{"start":{"line":24,"column":4},"end":{"line":24,"column":36}},"14":{"start":{"line":25,"column":4},"end":{"line":25,"column":18}},"15":{"start":{"line":28,"column":2},"end":{"line":32,"column":4}}},"fnMap":{"0":{"name":"AuthProvider","decl":{"start":{"line":7,"column":16},"end":{"line":7,"column":28}},"loc":{"start":{"line":7,"column":43},"end":{"line":33,"column":1}},"line":7},"1":{"name":"(anonymous_1)","decl":{"start":{"line":10,"column":12},"end":{"line":10,"column":13}},"loc":{"start":{"line":10,"column":18},"end":{"line":13,"column":3}},"line":10},"2":{"name":"(anonymous_2)","decl":{"start":{"line":15,"column":16},"end":{"line":15,"column":17}},"loc":{"start":{"line":15,"column":43},"end":{"line":20,"column":3}},"line":15},"3":{"name":"(anonymous_3)","decl":{"start":{"line":22,"column":17},"end":{"line":22,"column":18}},"loc":{"start":{"line":22,"column":23},"end":{"line":26,"column":3}},"line":22}},"branchMap":{"0":{"loc":{"start":{"line":12,"column":4},"end":{"line":12,"column":32}},"type":"if","locations":[{"start":{"line":12,"column":4},"end":{"line":12,"column":32}},{"start":{},"end":{}}],"line":12}},"s":{"0":0,"1":0,"2":0,"3":0,"4":0,"5":0,"6":0,"7":0,"8":0,"9":0,"10":0,"11":0,"12":0,"13":0,"14":0,"15":0},"f":{"0":0,"1":0,"2":0,"3":0},"b":{"0":[0,0]}}
,"D:\\Gerardo\\workspace\\proyectoTaller5\\sistemaGestionCursos\\frontend\\src\\contexts\\AuthProvider.jsx": {"path":"D:\\Gerardo\\workspace\\proyectoTaller5\\sistemaGestionCursos\\frontend\\src\\contexts\\AuthProvider.jsx","statementMap":{"0":{"start":{"line":5,"column":27},"end":{"line":5,"column":46}},"1":{"start":{"line":8,"column":26},"end":{"line":8,"column":40}},"2":{"start":{"line":10,"column":16},"end":{"line":10,"column":47}},"3":{"start":{"line":10,"column":30},"end":{"line":10,"column":47}},"4":{"start":{"line":11,"column":17},"end":{"line":11,"column":36}},"5":{"start":{"line":11,"column":23},"end":{"line":11,"column":36}},"6":{"start":{"line":13,"column":2},"end":{"line":17,"column":4}}},"fnMap":{"0":{"name":"AuthProvider","decl":{"start":{"line":7,"column":16},"end":{"line":7,"column":28}},"loc":{"start":{"line":7,"column":43},"end":{"line":18,"column":1}},"line":7},"1":{"name":"(anonymous_1)","decl":{"start":{"line":10,"column":16},"end":{"line":10,"column":17}},"loc":{"start":{"line":10,"column":30},"end":{"line":10,"column":47}},"line":10},"2":{"name":"(anonymous_2)","decl":{"start":{"line":11,"column":17},"end":{"line":11,"column":18}},"loc":{"start":{"line":11,"column":23},"end":{"line":11,"column":36}},"line":11}},"branchMap":{},"s":{"0":0,"1":0,"2":0,"3":0,"4":0,"5":0,"6":0},"f":{"0":0,"1":0,"2":0},"b":{}}
,"D:\\Gerardo\\workspace\\proyectoTaller5\\sistemaGestionCursos\\frontend\\src\\contexts\\useAuth.js": {"path":"D:\\Gerardo\\workspace\\proyectoTaller5\\sistemaGestionCursos\\frontend\\src\\contexts\\useAuth.js","statementMap":{"0":{"start":{"line":5,"column":23},"end":{"line":11,"column":1}},"1":{"start":{"line":6,"column":18},"end":{"line":6,"column":41}},"2":{"start":{"line":7,"column":2},"end":{"line":9,"column":3}},"3":{"start":{"line":8,"column":4},"end":{"line":8,"column":69}},"4":{"start":{"line":10,"column":2},"end":{"line":10,"column":17}}},"fnMap":{"0":{"name":"(anonymous_0)","decl":{"start":{"line":5,"column":23},"end":{"line":5,"column":24}},"loc":{"start":{"line":5,"column":29},"end":{"line":11,"column":1}},"line":5}},"branchMap":{"0":{"loc":{"start":{"line":7,"column":2},"end":{"line":9,"column":3}},"type":"if","locations":[{"start":{"line":7,"column":2},"end":{"line":9,"column":3}},{"start":{},"end":{}}],"line":7}},"s":{"0":0,"1":0,"2":0,"3":0,"4":0},"f":{"0":0},"b":{"0":[0,0]}}
,"D:\\Gerardo\\workspace\\proyectoTaller5\\sistemaGestionCursos\\frontend\\src\\mocks\\server.js": {"path":"D:\\Gerardo\\workspace\\proyectoTaller5\\sistemaGestionCursos\\frontend\\src\\mocks\\server.js","statementMap":{"0":{"start":{"line":5,"column":22},"end":{"line":5,"column":46}}},"fnMap":{},"branchMap":{},"s":{"0":0},"f":{},"b":{}}
,"D:\\Gerardo\\workspace\\proyectoTaller5\\sistemaGestionCursos\\frontend\\src\\pages\\AdminDashboard.jsx": {"path":"D:\\Gerardo\\workspace\\proyectoTaller5\\sistemaGestionCursos\\frontend\\src\\pages\\AdminDashboard.jsx","statementMap":{"0":{"start":{"line":6,"column":27},"end":{"line":6,"column":36}},"1":{"start":{"line":7,"column":19},"end":{"line":7,"column":32}},"2":{"start":{"line":9,"column":23},"end":{"line":12,"column":3}},"3":{"start":{"line":10,"column":4},"end":{"line":10,"column":13}},"4":{"start":{"line":11,"column":4},"end":{"line":11,"column":23}},"5":{"start":{"line":14,"column":2},"end":{"line":22,"column":4}}},"fnMap":{"0":{"name":"AdminDashboard","decl":{"start":{"line":5,"column":24},"end":{"line":5,"column":38}},"loc":{"start":{"line":5,"column":41},"end":{"line":23,"column":1}},"line":5},"1":{"name":"(anonymous_1)","decl":{"start":{"line":9,"column":23},"end":{"line":9,"column":24}},"loc":{"start":{"line":9,"column":29},"end":{"line":12,"column":3}},"line":9}},"branchMap":{},"s":{"0":0,"1":0,"2":0,"3":0,"4":0,"5":0},"f":{"0":0,"1":0},"b":{}}
,"D:\\Gerardo\\workspace\\proyectoTaller5\\sistemaGestionCursos\\frontend\\src\\pages\\CourseDetailPage.jsx": {"path":"D:\\Gerardo\\workspace\\proyectoTaller5\\sistemaGestionCursos\\frontend\\src\\pages\\CourseDetailPage.jsx","statementMap":{"0":{"start":{"line":8,"column":19},"end":{"line":8,"column":42}},"1":{"start":{"line":9,"column":17},"end":{"line":9,"column":28}},"2":{"start":{"line":10,"column":19},"end":{"line":10,"column":32}},"3":{"start":{"line":11,"column":30},"end":{"line":11,"column":44}},"4":{"start":{"line":12,"column":28},"end":{"line":12,"column":40}},"5":{"start":{"line":14,"column":2},"end":{"line":23,"column":11}},"6":{"start":{"line":15,"column":4},"end":{"line":22,"column":9}},"7":{"start":{"line":16,"column":6},"end":{"line":21,"column":7}},"8":{"start":{"line":17,"column":25},"end":{"line":17,"column":56}},"9":{"start":{"line":18,"column":8},"end":{"line":18,"column":29}},"10":{"start":{"line":20,"column":8},"end":{"line":20,"column":72}},"11":{"start":{"line":25,"column":23},"end":{"line":33,"column":3}},"12":{"start":{"line":26,"column":4},"end":{"line":26,"column":75}},"13":{"start":{"line":26,"column":68},"end":{"line":26,"column":75}},"14":{"start":{"line":27,"column":4},"end":{"line":32,"column":5}},"15":{"start":{"line":28,"column":6},"end":{"line":28,"column":41}},"16":{"start":{"line":29,"column":6},"end":{"line":29,"column":27}},"17":{"start":{"line":31,"column":6},"end":{"line":31,"column":72}},"18":{"start":{"line":35,"column":2},"end":{"line":35,"column":60}},"19":{"start":{"line":35,"column":13},"end":{"line":35,"column":60}},"20":{"start":{"line":36,"column":2},"end":{"line":36,"column":41}},"21":{"start":{"line":36,"column":15},"end":{"line":36,"column":41}},"22":{"start":{"line":38,"column":2},"end":{"line":60,"column":4}},"23":{"start":{"line":56,"column":29},"end":{"line":56,"column":49}}},"fnMap":{"0":{"name":"CourseDetailPage","decl":{"start":{"line":7,"column":24},"end":{"line":7,"column":40}},"loc":{"start":{"line":7,"column":43},"end":{"line":61,"column":1}},"line":7},"1":{"name":"(anonymous_1)","decl":{"start":{"line":14,"column":12},"end":{"line":14,"column":13}},"loc":{"start":{"line":14,"column":18},"end":{"line":23,"column":3}},"line":14},"2":{"name":"(anonymous_2)","decl":{"start":{"line":15,"column":5},"end":{"line":15,"column":6}},"loc":{"start":{"line":15,"column":17},"end":{"line":22,"column":5}},"line":15},"3":{"name":"(anonymous_3)","decl":{"start":{"line":25,"column":23},"end":{"line":25,"column":24}},"loc":{"start":{"line":25,"column":35},"end":{"line":33,"column":3}},"line":25},"4":{"name":"(anonymous_4)","decl":{"start":{"line":56,"column":23},"end":{"line":56,"column":24}},"loc":{"start":{"line":56,"column":29},"end":{"line":56,"column":49}},"line":56}},"branchMap":{"0":{"loc":{"start":{"line":20,"column":17},"end":{"line":20,"column":70}},"type":"binary-expr","locations":[{"start":{"line":20,"column":17},"end":{"line":20,"column":44}},{"start":{"line":20,"column":48},"end":{"line":20,"column":70}}],"line":20},"1":{"loc":{"start":{"line":26,"column":4},"end":{"line":26,"column":75}},"type":"if","locations":[{"start":{"line":26,"column":4},"end":{"line":26,"column":75}},{"start":{},"end":{}}],"line":26},"2":{"loc":{"start":{"line":31,"column":15},"end":{"line":31,"column":70}},"type":"binary-expr","locations":[{"start":{"line":31,"column":15},"end":{"line":31,"column":42}},{"start":{"line":31,"column":46},"end":{"line":31,"column":70}}],"line":31},"3":{"loc":{"start":{"line":35,"column":2},"end":{"line":35,"column":60}},"type":"if","locations":[{"start":{"line":35,"column":2},"end":{"line":35,"column":60}},{"start":{},"end":{}}],"line":35},"4":{"loc":{"start":{"line":36,"column":2},"end":{"line":36,"column":41}},"type":"if","locations":[{"start":{"line":36,"column":2},"end":{"line":36,"column":41}},{"start":{},"end":{}}],"line":36},"5":{"loc":{"start":{"line":46,"column":7},"end":{"line":55,"column":7}},"type":"binary-expr","locations":[{"start":{"line":46,"column":7},"end":{"line":46,"column":11}},{"start":{"line":46,"column":15},"end":{"line":46,"column":57}},{"start":{"line":47,"column":8},"end":{"line":54,"column":14}}],"line":46}},"s":{"0":0,"1":0,"2":0,"3":0,"4":0,"5":0,"6":0,"7":0,"8":0,"9":0,"10":0,"11":0,"12":0,"13":0,"14":0,"15":0,"16":0,"17":0,"18":0,"19":0,"20":0,"21":0,"22":0,"23":0},"f":{"0":0,"1":0,"2":0,"3":0,"4":0},"b":{"0":[0,0],"1":[0,0],"2":[0,0],"3":[0,0],"4":[0,0],"5":[0,0,0]}}
,"D:\\Gerardo\\workspace\\proyectoTaller5\\sistemaGestionCursos\\frontend\\src\\pages\\CourseFormPage.jsx": {"path":"D:\\Gerardo\\workspace\\proyectoTaller5\\sistemaGestionCursos\\frontend\\src\\pages\\CourseFormPage.jsx","statementMap":{"0":{"start":{"line":8,"column":19},"end":{"line":8,"column":42}},"1":{"start":{"line":9,"column":19},"end":{"line":9,"column":32}},"2":{"start":{"line":10,"column":17},"end":{"line":10,"column":28}},"3":{"start":{"line":11,"column":26},"end":{"line":15,"column":4}},"4":{"start":{"line":16,"column":28},"end":{"line":16,"column":40}},"5":{"start":{"line":19,"column":2},"end":{"line":30,"column":11}},"6":{"start":{"line":20,"column":4},"end":{"line":29,"column":5}},"7":{"start":{"line":21,"column":6},"end":{"line":28,"column":11}},"8":{"start":{"line":22,"column":8},"end":{"line":27,"column":9}},"9":{"start":{"line":23,"column":27},"end":{"line":23,"column":58}},"10":{"start":{"line":24,"column":10},"end":{"line":24,"column":29}},"11":{"start":{"line":26,"column":10},"end":{"line":26,"column":74}},"12":{"start":{"line":32,"column":23},"end":{"line":34,"column":3}},"13":{"start":{"line":33,"column":4},"end":{"line":33,"column":58}},"14":{"start":{"line":36,"column":23},"end":{"line":48,"column":3}},"15":{"start":{"line":37,"column":4},"end":{"line":37,"column":23}},"16":{"start":{"line":38,"column":4},"end":{"line":47,"column":5}},"17":{"start":{"line":39,"column":6},"end":{"line":43,"column":7}},"18":{"start":{"line":40,"column":8},"end":{"line":40,"column":46}},"19":{"start":{"line":42,"column":8},"end":{"line":42,"column":41}},"20":{"start":{"line":44,"column":6},"end":{"line":44,"column":27}},"21":{"start":{"line":46,"column":6},"end":{"line":46,"column":68}},"22":{"start":{"line":50,"column":2},"end":{"line":52,"column":3}},"23":{"start":{"line":51,"column":4},"end":{"line":51,"column":59}},"24":{"start":{"line":54,"column":2},"end":{"line":90,"column":4}}},"fnMap":{"0":{"name":"CourseFormPage","decl":{"start":{"line":7,"column":24},"end":{"line":7,"column":38}},"loc":{"start":{"line":7,"column":41},"end":{"line":91,"column":1}},"line":7},"1":{"name":"(anonymous_1)","decl":{"start":{"line":19,"column":12},"end":{"line":19,"column":13}},"loc":{"start":{"line":19,"column":18},"end":{"line":30,"column":3}},"line":19},"2":{"name":"(anonymous_2)","decl":{"start":{"line":21,"column":7},"end":{"line":21,"column":8}},"loc":{"start":{"line":21,"column":19},"end":{"line":28,"column":7}},"line":21},"3":{"name":"(anonymous_3)","decl":{"start":{"line":32,"column":23},"end":{"line":32,"column":24}},"loc":{"start":{"line":32,"column":28},"end":{"line":34,"column":3}},"line":32},"4":{"name":"(anonymous_4)","decl":{"start":{"line":36,"column":23},"end":{"line":36,"column":24}},"loc":{"start":{"line":36,"column":34},"end":{"line":48,"column":3}},"line":36}},"branchMap":{"0":{"loc":{"start":{"line":20,"column":4},"end":{"line":29,"column":5}},"type":"if","locations":[{"start":{"line":20,"column":4},"end":{"line":29,"column":5}},{"start":{},"end":{}}],"line":20},"1":{"loc":{"start":{"line":26,"column":19},"end":{"line":26,"column":72}},"type":"binary-expr","locations":[{"start":{"line":26,"column":19},"end":{"line":26,"column":46}},{"start":{"line":26,"column":50},"end":{"line":26,"column":72}}],"line":26},"2":{"loc":{"start":{"line":39,"column":6},"end":{"line":43,"column":7}},"type":"if","locations":[{"start":{"line":39,"column":6},"end":{"line":43,"column":7}},{"start":{"line":41,"column":13},"end":{"line":43,"column":7}}],"line":39},"3":{"loc":{"start":{"line":46,"column":15},"end":{"line":46,"column":66}},"type":"binary-expr","locations":[{"start":{"line":46,"column":15},"end":{"line":46,"column":51}},{"start":{"line":46,"column":55},"end":{"line":46,"column":66}}],"line":46},"4":{"loc":{"start":{"line":50,"column":2},"end":{"line":52,"column":3}},"type":"if","locations":[{"start":{"line":50,"column":2},"end":{"line":52,"column":3}},{"start":{},"end":{}}],"line":50},"5":{"loc":{"start":{"line":50,"column":6},"end":{"line":50,"column":57}},"type":"binary-expr","locations":[{"start":{"line":50,"column":6},"end":{"line":50,"column":11}},{"start":{"line":50,"column":15},"end":{"line":50,"column":57}}],"line":50},"6":{"loc":{"start":{"line":56,"column":11},"end":{"line":56,"column":46}},"type":"cond-expr","locations":[{"start":{"line":56,"column":16},"end":{"line":56,"column":30}},{"start":{"line":56,"column":33},"end":{"line":56,"column":46}}],"line":56},"7":{"loc":{"start":{"line":57,"column":7},"end":{"line":57,"column":55}},"type":"binary-expr","locations":[{"start":{"line":57,"column":7},"end":{"line":57,"column":12}},{"start":{"line":57,"column":16},"end":{"line":57,"column":55}}],"line":57},"8":{"loc":{"start":{"line":87,"column":31},"end":{"line":87,"column":58}},"type":"cond-expr","locations":[{"start":{"line":87,"column":36},"end":{"line":87,"column":48}},{"start":{"line":87,"column":51},"end":{"line":87,"column":58}}],"line":87}},"s":{"0":0,"1":0,"2":0,"3":0,"4":0,"5":0,"6":0,"7":0,"8":0,"9":0,"10":0,"11":0,"12":0,"13":0,"14":0,"15":0,"16":0,"17":0,"18":0,"19":0,"20":0,"21":0,"22":0,"23":0,"24":0},"f":{"0":0,"1":0,"2":0,"3":0,"4":0},"b":{"0":[0,0],"1":[0,0],"2":[0,0],"3":[0,0],"4":[0,0],"5":[0,0],"6":[0,0],"7":[0,0],"8":[0,0]}}
,"D:\\Gerardo\\workspace\\proyectoTaller5\\sistemaGestionCursos\\frontend\\src\\pages\\CourseListPage.jsx": {"path":"D:\\Gerardo\\workspace\\proyectoTaller5\\sistemaGestionCursos\\frontend\\src\\pages\\CourseListPage.jsx","statementMap":{"0":{"start":{"line":6,"column":32},"end":{"line":6,"column":44}},"1":{"start":{"line":7,"column":28},"end":{"line":7,"column":40}},"2":{"start":{"line":9,"column":2},"end":{"line":18,"column":9}},"3":{"start":{"line":10,"column":4},"end":{"line":17,"column":9}},"4":{"start":{"line":11,"column":6},"end":{"line":16,"column":7}},"5":{"start":{"line":12,"column":25},"end":{"line":12,"column":50}},"6":{"start":{"line":13,"column":8},"end":{"line":13,"column":30}},"7":{"start":{"line":15,"column":8},"end":{"line":15,"column":73}},"8":{"start":{"line":20,"column":2},"end":{"line":20,"column":39}},"9":{"start":{"line":20,"column":13},"end":{"line":20,"column":39}},"10":{"start":{"line":21,"column":2},"end":{"line":30,"column":4}},"11":{"start":{"line":26,"column":10},"end":{"line":26,"column":53}}},"fnMap":{"0":{"name":"CourseListPage","decl":{"start":{"line":5,"column":24},"end":{"line":5,"column":38}},"loc":{"start":{"line":5,"column":41},"end":{"line":31,"column":1}},"line":5},"1":{"name":"(anonymous_1)","decl":{"start":{"line":9,"column":12},"end":{"line":9,"column":13}},"loc":{"start":{"line":9,"column":18},"end":{"line":18,"column":3}},"line":9},"2":{"name":"(anonymous_2)","decl":{"start":{"line":10,"column":5},"end":{"line":10,"column":6}},"loc":{"start":{"line":10,"column":17},"end":{"line":17,"column":5}},"line":10},"3":{"name":"(anonymous_3)","decl":{"start":{"line":25,"column":21},"end":{"line":25,"column":22}},"loc":{"start":{"line":26,"column":10},"end":{"line":26,"column":53}},"line":26}},"branchMap":{"0":{"loc":{"start":{"line":15,"column":17},"end":{"line":15,"column":71}},"type":"binary-expr","locations":[{"start":{"line":15,"column":17},"end":{"line":15,"column":44}},{"start":{"line":15,"column":48},"end":{"line":15,"column":71}}],"line":15},"1":{"loc":{"start":{"line":20,"column":2},"end":{"line":20,"column":39}},"type":"if","locations":[{"start":{"line":20,"column":2},"end":{"line":20,"column":39}},{"start":{},"end":{}}],"line":20}},"s":{"0":0,"1":0,"2":0,"3":0,"4":0,"5":0,"6":0,"7":0,"8":0,"9":0,"10":0,"11":0},"f":{"0":0,"1":0,"2":0,"3":0},"b":{"0":[0,0],"1":[0,0]}}
,"D:\\Gerardo\\workspace\\proyectoTaller5\\sistemaGestionCursos\\frontend\\src\\pages\\EnrollmentFormPage.jsx": {"path":"D:\\Gerardo\\workspace\\proyectoTaller5\\sistemaGestionCursos\\frontend\\src\\pages\\EnrollmentFormPage.jsx","statementMap":{"0":{"start":{"line":8,"column":19},"end":{"line":8,"column":42}},"1":{"start":{"line":9,"column":27},"end":{"line":9,"column":38}},"2":{"start":{"line":10,"column":19},"end":{"line":10,"column":32}},"3":{"start":{"line":11,"column":36},"end":{"line":11,"column":48}},"4":{"start":{"line":12,"column":28},"end":{"line":12,"column":40}},"5":{"start":{"line":14,"column":2},"end":{"line":16,"column":3}},"6":{"start":{"line":15,"column":4},"end":{"line":15,"column":52}},"7":{"start":{"line":18,"column":23},"end":{"line":26,"column":3}},"8":{"start":{"line":19,"column":4},"end":{"line":19,"column":23}},"9":{"start":{"line":20,"column":4},"end":{"line":25,"column":5}},"10":{"start":{"line":21,"column":6},"end":{"line":21,"column":99}},"11":{"start":{"line":22,"column":6},"end":{"line":22,"column":51}},"12":{"start":{"line":24,"column":6},"end":{"line":24,"column":99}},"13":{"start":{"line":28,"column":2},"end":{"line":48,"column":4}},"14":{"start":{"line":38,"column":27},"end":{"line":38,"column":55}},"15":{"start":{"line":44,"column":29},"end":{"line":44,"column":73}}},"fnMap":{"0":{"name":"EnrollmentFormPage","decl":{"start":{"line":7,"column":24},"end":{"line":7,"column":42}},"loc":{"start":{"line":7,"column":45},"end":{"line":49,"column":1}},"line":7},"1":{"name":"(anonymous_1)","decl":{"start":{"line":18,"column":23},"end":{"line":18,"column":24}},"loc":{"start":{"line":18,"column":34},"end":{"line":26,"column":3}},"line":18},"2":{"name":"(anonymous_2)","decl":{"start":{"line":38,"column":22},"end":{"line":38,"column":23}},"loc":{"start":{"line":38,"column":27},"end":{"line":38,"column":55}},"line":38},"3":{"name":"(anonymous_3)","decl":{"start":{"line":44,"column":23},"end":{"line":44,"column":24}},"loc":{"start":{"line":44,"column":29},"end":{"line":44,"column":73}},"line":44}},"branchMap":{"0":{"loc":{"start":{"line":14,"column":2},"end":{"line":16,"column":3}},"type":"if","locations":[{"start":{"line":14,"column":2},"end":{"line":16,"column":3}},{"start":{},"end":{}}],"line":14},"1":{"loc":{"start":{"line":14,"column":6},"end":{"line":14,"column":57}},"type":"binary-expr","locations":[{"start":{"line":14,"column":6},"end":{"line":14,"column":11}},{"start":{"line":14,"column":15},"end":{"line":14,"column":57}}],"line":14},"2":{"loc":{"start":{"line":24,"column":15},"end":{"line":24,"column":97}},"type":"binary-expr","locations":[{"start":{"line":24,"column":15},"end":{"line":24,"column":51}},{"start":{"line":24,"column":55},"end":{"line":24,"column":82}},{"start":{"line":24,"column":86},"end":{"line":24,"column":97}}],"line":24},"3":{"loc":{"start":{"line":31,"column":7},"end":{"line":31,"column":55}},"type":"binary-expr","locations":[{"start":{"line":31,"column":7},"end":{"line":31,"column":12}},{"start":{"line":31,"column":16},"end":{"line":31,"column":55}}],"line":31}},"s":{"0":0,"1":0,"2":0,"3":0,"4":0,"5":0,"6":0,"7":0,"8":0,"9":0,"10":0,"11":0,"12":0,"13":0,"14":0,"15":0},"f":{"0":0,"1":0,"2":0,"3":0},"b":{"0":[0,0],"1":[0,0],"2":[0,0,0],"3":[0,0]}}
,"D:\\Gerardo\\workspace\\proyectoTaller5\\sistemaGestionCursos\\frontend\\src\\pages\\EnrollmentListPage.jsx": {"path":"D:\\Gerardo\\workspace\\proyectoTaller5\\sistemaGestionCursos\\frontend\\src\\pages\\EnrollmentListPage.jsx","statementMap":{"0":{"start":{"line":8,"column":19},"end":{"line":8,"column":42}},"1":{"start":{"line":9,"column":27},"end":{"line":9,"column":38}},"2":{"start":{"line":10,"column":40},"end":{"line":10,"column":52}},"3":{"start":{"line":11,"column":28},"end":{"line":11,"column":40}},"4":{"start":{"line":13,"column":2},"end":{"line":22,"column":17}},"5":{"start":{"line":14,"column":4},"end":{"line":21,"column":9}},"6":{"start":{"line":15,"column":6},"end":{"line":20,"column":7}},"7":{"start":{"line":16,"column":25},"end":{"line":16,"column":75}},"8":{"start":{"line":17,"column":8},"end":{"line":17,"column":34}},"9":{"start":{"line":19,"column":8},"end":{"line":19,"column":80}},"10":{"start":{"line":24,"column":2},"end":{"line":24,"column":60}},"11":{"start":{"line":24,"column":13},"end":{"line":24,"column":60}},"12":{"start":{"line":25,"column":2},"end":{"line":44,"column":4}},"13":{"start":{"line":35,"column":10},"end":{"line":37,"column":15}}},"fnMap":{"0":{"name":"EnrollmentListPage","decl":{"start":{"line":7,"column":24},"end":{"line":7,"column":42}},"loc":{"start":{"line":7,"column":45},"end":{"line":45,"column":1}},"line":7},"1":{"name":"(anonymous_1)","decl":{"start":{"line":13,"column":12},"end":{"line":13,"column":13}},"loc":{"start":{"line":13,"column":18},"end":{"line":22,"column":3}},"line":13},"2":{"name":"(anonymous_2)","decl":{"start":{"line":14,"column":5},"end":{"line":14,"column":6}},"loc":{"start":{"line":14,"column":17},"end":{"line":21,"column":5}},"line":14},"3":{"name":"(anonymous_3)","decl":{"start":{"line":34,"column":25},"end":{"line":34,"column":26}},"loc":{"start":{"line":35,"column":10},"end":{"line":37,"column":15}},"line":35}},"branchMap":{"0":{"loc":{"start":{"line":19,"column":17},"end":{"line":19,"column":78}},"type":"binary-expr","locations":[{"start":{"line":19,"column":17},"end":{"line":19,"column":44}},{"start":{"line":19,"column":48},"end":{"line":19,"column":78}}],"line":19},"1":{"loc":{"start":{"line":24,"column":2},"end":{"line":24,"column":60}},"type":"if","locations":[{"start":{"line":24,"column":2},"end":{"line":24,"column":60}},{"start":{},"end":{}}],"line":24},"2":{"loc":{"start":{"line":28,"column":7},"end":{"line":32,"column":7}},"type":"binary-expr","locations":[{"start":{"line":28,"column":7},"end":{"line":28,"column":11}},{"start":{"line":28,"column":15},"end":{"line":28,"column":56}},{"start":{"line":29,"column":8},"end":{"line":31,"column":15}}],"line":28}},"s":{"0":0,"1":0,"2":0,"3":0,"4":0,"5":0,"6":0,"7":0,"8":0,"9":0,"10":0,"11":0,"12":0,"13":0},"f":{"0":0,"1":0,"2":0,"3":0},"b":{"0":[0,0],"1":[0,0],"2":[0,0,0]}}
,"D:\\Gerardo\\workspace\\proyectoTaller5\\sistemaGestionCursos\\frontend\\src\\pages\\GradesFormPage.jsx": {"path":"D:\\Gerardo\\workspace\\proyectoTaller5\\sistemaGestionCursos\\frontend\\src\\pages\\GradesFormPage.jsx","statementMap":{"0":{"start":{"line":8,"column":19},"end":{"line":8,"column":42}},"1":{"start":{"line":9,"column":40},"end":{"line":9,"column":51}},"2":{"start":{"line":10,"column":19},"end":{"line":10,"column":32}},"3":{"start":{"line":11,"column":28},"end":{"line":11,"column":40}},"4":{"start":{"line":12,"column":28},"end":{"line":12,"column":40}},"5":{"start":{"line":14,"column":2},"end":{"line":25,"column":16}},"6":{"start":{"line":15,"column":4},"end":{"line":24,"column":5}},"7":{"start":{"line":16,"column":6},"end":{"line":23,"column":11}},"8":{"start":{"line":17,"column":8},"end":{"line":22,"column":9}},"9":{"start":{"line":18,"column":27},"end":{"line":18,"column":62}},"10":{"start":{"line":19,"column":10},"end":{"line":19,"column":36}},"11":{"start":{"line":21,"column":10},"end":{"line":21,"column":73}},"12":{"start":{"line":27,"column":2},"end":{"line":29,"column":3}},"13":{"start":{"line":28,"column":4},"end":{"line":28,"column":65}},"14":{"start":{"line":31,"column":23},"end":{"line":44,"column":3}},"15":{"start":{"line":32,"column":4},"end":{"line":32,"column":23}},"16":{"start":{"line":33,"column":4},"end":{"line":43,"column":5}},"17":{"start":{"line":34,"column":22},"end":{"line":34,"column":82}},"18":{"start":{"line":35,"column":6},"end":{"line":39,"column":7}},"19":{"start":{"line":36,"column":8},"end":{"line":36,"column":53}},"20":{"start":{"line":38,"column":8},"end":{"line":38,"column":43}},"21":{"start":{"line":40,"column":6},"end":{"line":40,"column":54}},"22":{"start":{"line":42,"column":6},"end":{"line":42,"column":99}},"23":{"start":{"line":46,"column":2},"end":{"line":68,"column":4}},"24":{"start":{"line":58,"column":27},"end":{"line":58,"column":51}},"25":{"start":{"line":64,"column":29},"end":{"line":64,"column":76}}},"fnMap":{"0":{"name":"GradesFormPage","decl":{"start":{"line":7,"column":24},"end":{"line":7,"column":38}},"loc":{"start":{"line":7,"column":41},"end":{"line":69,"column":1}},"line":7},"1":{"name":"(anonymous_1)","decl":{"start":{"line":14,"column":12},"end":{"line":14,"column":13}},"loc":{"start":{"line":14,"column":18},"end":{"line":25,"column":3}},"line":14},"2":{"name":"(anonymous_2)","decl":{"start":{"line":16,"column":7},"end":{"line":16,"column":8}},"loc":{"start":{"line":16,"column":19},"end":{"line":23,"column":7}},"line":16},"3":{"name":"(anonymous_3)","decl":{"start":{"line":31,"column":23},"end":{"line":31,"column":24}},"loc":{"start":{"line":31,"column":34},"end":{"line":44,"column":3}},"line":31},"4":{"name":"(anonymous_4)","decl":{"start":{"line":58,"column":22},"end":{"line":58,"column":23}},"loc":{"start":{"line":58,"column":27},"end":{"line":58,"column":51}},"line":58},"5":{"name":"(anonymous_5)","decl":{"start":{"line":64,"column":23},"end":{"line":64,"column":24}},"loc":{"start":{"line":64,"column":29},"end":{"line":64,"column":76}},"line":64}},"branchMap":{"0":{"loc":{"start":{"line":15,"column":4},"end":{"line":24,"column":5}},"type":"if","locations":[{"start":{"line":15,"column":4},"end":{"line":24,"column":5}},{"start":{},"end":{}}],"line":15},"1":{"loc":{"start":{"line":21,"column":19},"end":{"line":21,"column":71}},"type":"binary-expr","locations":[{"start":{"line":21,"column":19},"end":{"line":21,"column":46}},{"start":{"line":21,"column":50},"end":{"line":21,"column":71}}],"line":21},"2":{"loc":{"start":{"line":27,"column":2},"end":{"line":29,"column":3}},"type":"if","locations":[{"start":{"line":27,"column":2},"end":{"line":29,"column":3}},{"start":{},"end":{}}],"line":27},"3":{"loc":{"start":{"line":27,"column":6},"end":{"line":27,"column":57}},"type":"binary-expr","locations":[{"start":{"line":27,"column":6},"end":{"line":27,"column":11}},{"start":{"line":27,"column":15},"end":{"line":27,"column":57}}],"line":27},"4":{"loc":{"start":{"line":35,"column":6},"end":{"line":39,"column":7}},"type":"if","locations":[{"start":{"line":35,"column":6},"end":{"line":39,"column":7}},{"start":{"line":37,"column":13},"end":{"line":39,"column":7}}],"line":35},"5":{"loc":{"start":{"line":42,"column":15},"end":{"line":42,"column":97}},"type":"binary-expr","locations":[{"start":{"line":42,"column":15},"end":{"line":42,"column":51}},{"start":{"line":42,"column":55},"end":{"line":42,"column":82}},{"start":{"line":42,"column":86},"end":{"line":42,"column":97}}],"line":42},"6":{"loc":{"start":{"line":48,"column":11},"end":{"line":48,"column":51}},"type":"cond-expr","locations":[{"start":{"line":48,"column":21},"end":{"line":48,"column":34}},{"start":{"line":48,"column":37},"end":{"line":48,"column":51}}],"line":48},"7":{"loc":{"start":{"line":49,"column":7},"end":{"line":49,"column":55}},"type":"binary-expr","locations":[{"start":{"line":49,"column":7},"end":{"line":49,"column":12}},{"start":{"line":49,"column":16},"end":{"line":49,"column":55}}],"line":49},"8":{"loc":{"start":{"line":62,"column":31},"end":{"line":62,"column":65}},"type":"cond-expr","locations":[{"start":{"line":62,"column":41},"end":{"line":62,"column":53}},{"start":{"line":62,"column":56},"end":{"line":62,"column":65}}],"line":62}},"s":{"0":0,"1":0,"2":0,"3":0,"4":0,"5":0,"6":0,"7":0,"8":0,"9":0,"10":0,"11":0,"12":0,"13":0,"14":0,"15":0,"16":0,"17":0,"18":0,"19":0,"20":0,"21":0,"22":0,"23":0,"24":0,"25":0},"f":{"0":0,"1":0,"2":0,"3":0,"4":0,"5":0},"b":{"0":[0,0],"1":[0,0],"2":[0,0],"3":[0,0],"4":[0,0],"5":[0,0,0],"6":[0,0],"7":[0,0],"8":[0,0]}}
,"D:\\Gerardo\\workspace\\proyectoTaller5\\sistemaGestionCursos\\frontend\\src\\pages\\GradesListPage.jsx": {"path":"D:\\Gerardo\\workspace\\proyectoTaller5\\sistemaGestionCursos\\frontend\\src\\pages\\GradesListPage.jsx","statementMap":{"0":{"start":{"line":8,"column":19},"end":{"line":8,"column":42}},"1":{"start":{"line":9,"column":31},"end":{"line":9,"column":42}},"2":{"start":{"line":10,"column":30},"end":{"line":10,"column":42}},"3":{"start":{"line":11,"column":28},"end":{"line":11,"column":40}},"4":{"start":{"line":13,"column":2},"end":{"line":22,"column":21}},"5":{"start":{"line":14,"column":4},"end":{"line":21,"column":9}},"6":{"start":{"line":15,"column":6},"end":{"line":20,"column":7}},"7":{"start":{"line":16,"column":25},"end":{"line":16,"column":78}},"8":{"start":{"line":17,"column":8},"end":{"line":17,"column":29}},"9":{"start":{"line":19,"column":8},"end":{"line":19,"column":81}},"10":{"start":{"line":24,"column":2},"end":{"line":24,"column":60}},"11":{"start":{"line":24,"column":13},"end":{"line":24,"column":60}},"12":{"start":{"line":25,"column":2},"end":{"line":42,"column":4}},"13":{"start":{"line":35,"column":10},"end":{"line":37,"column":15}},"14":{"start":{"line":40,"column":29},"end":{"line":40,"column":50}}},"fnMap":{"0":{"name":"GradesListPage","decl":{"start":{"line":7,"column":24},"end":{"line":7,"column":38}},"loc":{"start":{"line":7,"column":41},"end":{"line":43,"column":1}},"line":7},"1":{"name":"(anonymous_1)","decl":{"start":{"line":13,"column":12},"end":{"line":13,"column":13}},"loc":{"start":{"line":13,"column":18},"end":{"line":22,"column":3}},"line":13},"2":{"name":"(anonymous_2)","decl":{"start":{"line":14,"column":5},"end":{"line":14,"column":6}},"loc":{"start":{"line":14,"column":17},"end":{"line":21,"column":5}},"line":14},"3":{"name":"(anonymous_3)","decl":{"start":{"line":34,"column":20},"end":{"line":34,"column":21}},"loc":{"start":{"line":35,"column":10},"end":{"line":37,"column":15}},"line":35},"4":{"name":"(anonymous_4)","decl":{"start":{"line":40,"column":23},"end":{"line":40,"column":24}},"loc":{"start":{"line":40,"column":29},"end":{"line":40,"column":50}},"line":40}},"branchMap":{"0":{"loc":{"start":{"line":19,"column":17},"end":{"line":19,"column":79}},"type":"binary-expr","locations":[{"start":{"line":19,"column":17},"end":{"line":19,"column":44}},{"start":{"line":19,"column":48},"end":{"line":19,"column":79}}],"line":19},"1":{"loc":{"start":{"line":24,"column":2},"end":{"line":24,"column":60}},"type":"if","locations":[{"start":{"line":24,"column":2},"end":{"line":24,"column":60}},{"start":{},"end":{}}],"line":24},"2":{"loc":{"start":{"line":28,"column":7},"end":{"line":32,"column":7}},"type":"binary-expr","locations":[{"start":{"line":28,"column":7},"end":{"line":28,"column":11}},{"start":{"line":28,"column":15},"end":{"line":28,"column":56}},{"start":{"line":29,"column":8},"end":{"line":31,"column":15}}],"line":28}},"s":{"0":0,"1":0,"2":0,"3":0,"4":0,"5":0,"6":0,"7":0,"8":0,"9":0,"10":0,"11":0,"12":0,"13":0,"14":0},"f":{"0":0,"1":0,"2":0,"3":0,"4":0},"b":{"0":[0,0],"1":[0,0],"2":[0,0,0]}}
,"D:\\Gerardo\\workspace\\proyectoTaller5\\sistemaGestionCursos\\frontend\\src\\pages\\LoginPage.jsx": {"path":"D:\\Gerardo\\workspace\\proyectoTaller5\\sistemaGestionCursos\\frontend\\src\\pages\\LoginPage.jsx","statementMap":{"0":{"start":{"line":8,"column":20},"end":{"line":8,"column":29}},"1":{"start":{"line":9,"column":19},"end":{"line":9,"column":32}},"2":{"start":{"line":11,"column":28},"end":{"line":11,"column":40}},"3":{"start":{"line":12,"column":34},"end":{"line":12,"column":46}},"4":{"start":{"line":13,"column":28},"end":{"line":13,"column":40}},"5":{"start":{"line":15,"column":23},"end":{"line":44,"column":3}},"6":{"start":{"line":16,"column":4},"end":{"line":16,"column":23}},"7":{"start":{"line":17,"column":4},"end":{"line":20,"column":5}},"8":{"start":{"line":18,"column":6},"end":{"line":18,"column":55}},"9":{"start":{"line":19,"column":6},"end":{"line":19,"column":13}},"10":{"start":{"line":21,"column":4},"end":{"line":43,"column":5}},"11":{"start":{"line":22,"column":23},"end":{"line":22,"column":83}},"12":{"start":{"line":23,"column":23},"end":{"line":23,"column":76}},"13":{"start":{"line":24,"column":6},"end":{"line":24,"column":22}},"14":{"start":{"line":25,"column":6},"end":{"line":25,"column":19}},"15":{"start":{"line":27,"column":6},"end":{"line":39,"column":7}},"16":{"start":{"line":29,"column":10},"end":{"line":29,"column":31}},"17":{"start":{"line":30,"column":10},"end":{"line":30,"column":16}},"18":{"start":{"line":32,"column":10},"end":{"line":32,"column":33}},"19":{"start":{"line":33,"column":10},"end":{"line":33,"column":16}},"20":{"start":{"line":35,"column":10},"end":{"line":35,"column":29}},"21":{"start":{"line":36,"column":10},"end":{"line":36,"column":16}},"22":{"start":{"line":38,"column":10},"end":{"line":38,"column":24}},"23":{"start":{"line":41,"column":18},"end":{"line":41,"column":93}},"24":{"start":{"line":42,"column":6},"end":{"line":42,"column":20}},"25":{"start":{"line":46,"column":2},"end":{"line":76,"column":4}},"26":{"start":{"line":55,"column":27},"end":{"line":55,"column":51}},"27":{"start":{"line":65,"column":27},"end":{"line":65,"column":54}}},"fnMap":{"0":{"name":"LoginPage","decl":{"start":{"line":7,"column":24},"end":{"line":7,"column":33}},"loc":{"start":{"line":7,"column":36},"end":{"line":77,"column":1}},"line":7},"1":{"name":"(anonymous_1)","decl":{"start":{"line":15,"column":23},"end":{"line":15,"column":24}},"loc":{"start":{"line":15,"column":36},"end":{"line":44,"column":3}},"line":15},"2":{"name":"(anonymous_2)","decl":{"start":{"line":55,"column":22},"end":{"line":55,"column":23}},"loc":{"start":{"line":55,"column":27},"end":{"line":55,"column":51}},"line":55},"3":{"name":"(anonymous_3)","decl":{"start":{"line":65,"column":22},"end":{"line":65,"column":23}},"loc":{"start":{"line":65,"column":27},"end":{"line":65,"column":54}},"line":65}},"branchMap":{"0":{"loc":{"start":{"line":17,"column":4},"end":{"line":20,"column":5}},"type":"if","locations":[{"start":{"line":17,"column":4},"end":{"line":20,"column":5}},{"start":{},"end":{}}],"line":17},"1":{"loc":{"start":{"line":17,"column":8},"end":{"line":17,"column":27}},"type":"binary-expr","locations":[{"start":{"line":17,"column":8},"end":{"line":17,"column":14}},{"start":{"line":17,"column":18},"end":{"line":17,"column":27}}],"line":17},"2":{"loc":{"start":{"line":27,"column":6},"end":{"line":39,"column":7}},"type":"switch","locations":[{"start":{"line":28,"column":8},"end":{"line":30,"column":16}},{"start":{"line":31,"column":8},"end":{"line":33,"column":16}},{"start":{"line":34,"column":8},"end":{"line":36,"column":16}},{"start":{"line":37,"column":8},"end":{"line":38,"column":24}}],"line":27},"3":{"loc":{"start":{"line":41,"column":18},"end":{"line":41,"column":93}},"type":"binary-expr","locations":[{"start":{"line":41,"column":18},"end":{"line":41,"column":43}},{"start":{"line":41,"column":47},"end":{"line":41,"column":93}}],"line":41},"4":{"loc":{"start":{"line":70,"column":9},"end":{"line":70,"column":57}},"type":"binary-expr","locations":[{"start":{"line":70,"column":9},"end":{"line":70,"column":14}},{"start":{"line":70,"column":18},"end":{"line":70,"column":57}}],"line":70}},"s":{"0":0,"1":0,"2":0,"3":0,"4":0,"5":0,"6":0,"7":0,"8":0,"9":0,"10":0,"11":0,"12":0,"13":0,"14":0,"15":0,"16":0,"17":0,"18":0,"19":0,"20":0,"21":0,"22":0,"23":0,"24":0,"25":0,"26":0,"27":0},"f":{"0":0,"1":0,"2":0,"3":0},"b":{"0":[0,0],"1":[0,0],"2":[0,0,0,0],"3":[0,0],"4":[0,0]}}
,"D:\\Gerardo\\workspace\\proyectoTaller5\\sistemaGestionCursos\\frontend\\src\\pages\\ProfessorDashboard.jsx": {"path":"D:\\Gerardo\\workspace\\proyectoTaller5\\sistemaGestionCursos\\frontend\\src\\pages\\ProfessorDashboard.jsx","statementMap":{"0":{"start":{"line":7,"column":27},"end":{"line":7,"column":36}},"1":{"start":{"line":8,"column":19},"end":{"line":8,"column":32}},"2":{"start":{"line":10,"column":23},"end":{"line":13,"column":3}},"3":{"start":{"line":11,"column":4},"end":{"line":11,"column":13}},"4":{"start":{"line":12,"column":4},"end":{"line":12,"column":23}},"5":{"start":{"line":15,"column":2},"end":{"line":23,"column":4}}},"fnMap":{"0":{"name":"ProfessorDashboard","decl":{"start":{"line":6,"column":24},"end":{"line":6,"column":42}},"loc":{"start":{"line":6,"column":45},"end":{"line":24,"column":1}},"line":6},"1":{"name":"(anonymous_1)","decl":{"start":{"line":10,"column":23},"end":{"line":10,"column":24}},"loc":{"start":{"line":10,"column":29},"end":{"line":13,"column":3}},"line":10}},"branchMap":{},"s":{"0":0,"1":0,"2":0,"3":0,"4":0,"5":0},"f":{"0":0,"1":0},"b":{}}
,"D:\\Gerardo\\workspace\\proyectoTaller5\\sistemaGestionCursos\\frontend\\src\\pages\\RegisterPage.jsx": {"path":"D:\\Gerardo\\workspace\\proyectoTaller5\\sistemaGestionCursos\\frontend\\src\\pages\\RegisterPage.jsx","statementMap":{"0":{"start":{"line":7,"column":19},"end":{"line":7,"column":32}},"1":{"start":{"line":8,"column":26},"end":{"line":8,"column":73}},"2":{"start":{"line":9,"column":28},"end":{"line":9,"column":40}},"3":{"start":{"line":11,"column":23},"end":{"line":13,"column":3}},"4":{"start":{"line":12,"column":4},"end":{"line":12,"column":58}},"5":{"start":{"line":15,"column":23},"end":{"line":29,"column":3}},"6":{"start":{"line":16,"column":4},"end":{"line":16,"column":23}},"7":{"start":{"line":17,"column":4},"end":{"line":20,"column":5}},"8":{"start":{"line":18,"column":6},"end":{"line":18,"column":45}},"9":{"start":{"line":19,"column":6},"end":{"line":19,"column":13}},"10":{"start":{"line":21,"column":4},"end":{"line":28,"column":5}},"11":{"start":{"line":22,"column":6},"end":{"line":22,"column":55}},"12":{"start":{"line":23,"column":6},"end":{"line":23,"column":19}},"13":{"start":{"line":24,"column":6},"end":{"line":24,"column":25}},"14":{"start":{"line":26,"column":18},"end":{"line":26,"column":88}},"15":{"start":{"line":27,"column":6},"end":{"line":27,"column":20}},"16":{"start":{"line":31,"column":2},"end":{"line":73,"column":4}}},"fnMap":{"0":{"name":"RegisterPage","decl":{"start":{"line":6,"column":24},"end":{"line":6,"column":36}},"loc":{"start":{"line":6,"column":39},"end":{"line":74,"column":1}},"line":6},"1":{"name":"(anonymous_1)","decl":{"start":{"line":11,"column":23},"end":{"line":11,"column":24}},"loc":{"start":{"line":11,"column":28},"end":{"line":13,"column":3}},"line":11},"2":{"name":"(anonymous_2)","decl":{"start":{"line":15,"column":23},"end":{"line":15,"column":24}},"loc":{"start":{"line":15,"column":34},"end":{"line":29,"column":3}},"line":15}},"branchMap":{"0":{"loc":{"start":{"line":17,"column":4},"end":{"line":20,"column":5}},"type":"if","locations":[{"start":{"line":17,"column":4},"end":{"line":20,"column":5}},{"start":{},"end":{}}],"line":17},"1":{"loc":{"start":{"line":17,"column":8},"end":{"line":17,"column":51}},"type":"binary-expr","locations":[{"start":{"line":17,"column":8},"end":{"line":17,"column":18}},{"start":{"line":17,"column":22},"end":{"line":17,"column":33}},{"start":{"line":17,"column":37},"end":{"line":17,"column":51}}],"line":17},"2":{"loc":{"start":{"line":26,"column":18},"end":{"line":26,"column":88}},"type":"binary-expr","locations":[{"start":{"line":26,"column":18},"end":{"line":26,"column":43}},{"start":{"line":26,"column":47},"end":{"line":26,"column":88}}],"line":26},"3":{"loc":{"start":{"line":67,"column":9},"end":{"line":67,"column":57}},"type":"binary-expr","locations":[{"start":{"line":67,"column":9},"end":{"line":67,"column":14}},{"start":{"line":67,"column":18},"end":{"line":67,"column":57}}],"line":67}},"s":{"0":0,"1":0,"2":0,"3":0,"4":0,"5":0,"6":0,"7":0,"8":0,"9":0,"10":0,"11":0,"12":0,"13":0,"14":0,"15":0,"16":0},"f":{"0":0,"1":0,"2":0},"b":{"0":[0,0],"1":[0,0,0],"2":[0,0],"3":[0,0]}}
,"D:\\Gerardo\\workspace\\proyectoTaller5\\sistemaGestionCursos\\frontend\\src\\pages\\StudentDashboard.jsx": {"path":"D:\\Gerardo\\workspace\\proyectoTaller5\\sistemaGestionCursos\\frontend\\src\\pages\\StudentDashboard.jsx","statementMap":{"0":{"start":{"line":6,"column":27},"end":{"line":6,"column":36}},"1":{"start":{"line":7,"column":19},"end":{"line":7,"column":32}},"2":{"start":{"line":9,"column":23},"end":{"line":12,"column":3}},"3":{"start":{"line":10,"column":4},"end":{"line":10,"column":13}},"4":{"start":{"line":11,"column":4},"end":{"line":11,"column":23}},"5":{"start":{"line":14,"column":2},"end":{"line":22,"column":4}}},"fnMap":{"0":{"name":"StudentDashboard","decl":{"start":{"line":5,"column":24},"end":{"line":5,"column":40}},"loc":{"start":{"line":5,"column":43},"end":{"line":23,"column":1}},"line":5},"1":{"name":"(anonymous_1)","decl":{"start":{"line":9,"column":23},"end":{"line":9,"column":24}},"loc":{"start":{"line":9,"column":29},"end":{"line":12,"column":3}},"line":9}},"branchMap":{},"s":{"0":0,"1":0,"2":0,"3":0,"4":0,"5":0},"f":{"0":0,"1":0},"b":{}}
,"D:\\Gerardo\\workspace\\proyectoTaller5\\sistemaGestionCursos\\frontend\\src\\services\\api.js": {"path":"D:\\Gerardo\\workspace\\proyectoTaller5\\sistemaGestionCursos\\frontend\\src\\services\\api.js","statementMap":{"0":{"start":{"line":3,"column":12},"end":{"line":5,"column":2}},"1":{"start":{"line":7,"column":0},"end":{"line":16,"column":2}},"2":{"start":{"line":9,"column":17},"end":{"line":9,"column":57}},"3":{"start":{"line":10,"column":4},"end":{"line":12,"column":5}},"4":{"start":{"line":11,"column":6},"end":{"line":11,"column":60}},"5":{"start":{"line":13,"column":4},"end":{"line":13,"column":18}},"6":{"start":{"line":15,"column":13},"end":{"line":15,"column":34}}},"fnMap":{"0":{"name":"(anonymous_0)","decl":{"start":{"line":8,"column":2},"end":{"line":8,"column":3}},"loc":{"start":{"line":8,"column":14},"end":{"line":14,"column":3}},"line":8},"1":{"name":"(anonymous_1)","decl":{"start":{"line":15,"column":2},"end":{"line":15,"column":3}},"loc":{"start":{"line":15,"column":13},"end":{"line":15,"column":34}},"line":15}},"branchMap":{"0":{"loc":{"start":{"line":10,"column":4},"end":{"line":12,"column":5}},"type":"if","locations":[{"start":{"line":10,"column":4},"end":{"line":12,"column":5}},{"start":{},"end":{}}],"line":10}},"s":{"0":0,"1":0,"2":0,"3":0,"4":0,"5":0,"6":0},"f":{"0":0,"1":0},"b":{"0":[0,0]}}
}
