{"D:\\Gerardo\\workspace\\proyectoTaller5\\sistemaGestionCursos\\backend\\src\\config\\db.js": {"path":"D:\\Gerardo\\workspace\\proyectoTaller5\\sistemaGestionCursos\\backend\\src\\config\\db.js","statementMap":{"0":{"start":{"line":4,"column":0},"end":{"line":4,"column":27}},"1":{"start":{"line":5,"column":17},"end":{"line":5,"column":30}},"2":{"start":{"line":7,"column":13},"end":{"line":16,"column":2}},"3":{"start":{"line":18,"column":0},"end":{"line":18,"column":22}}},"fnMap":{},"branchMap":{},"s":{"0":4,"1":4,"2":4,"3":4},"f":{},"b":{},"_coverageSchema":"1a1c01bbd47fc00a2c39e90264f33305004495a9","hash":"f018ff7fdc11186955330e6ec224e2cad520c707"}
,"D:\\Gerardo\\workspace\\proyectoTaller5\\sistemaGestionCursos\\backend\\src\\controllers\\courseController.js": {"path":"D:\\Gerardo\\workspace\\proyectoTaller5\\sistemaGestionCursos\\backend\\src\\controllers\\courseController.js","statementMap":{"0":{"start":{"line":2,"column":22},"end":{"line":2,"column":58}},"1":{"start":{"line":4,"column":0},"end":{"line":12,"column":2}},"2":{"start":{"line":5,"column":2},"end":{"line":11,"column":3}},"3":{"start":{"line":6,"column":17},"end":{"line":6,"column":50}},"4":{"start":{"line":7,"column":4},"end":{"line":7,"column":20}},"5":{"start":{"line":8,"column":4},"end":{"line":8,"column":38}},"6":{"start":{"line":10,"column":4},"end":{"line":10,"column":14}},"7":{"start":{"line":14,"column":0},"end":{"line":28,"column":2}},"8":{"start":{"line":15,"column":2},"end":{"line":27,"column":3}},"9":{"start":{"line":16,"column":15},"end":{"line":16,"column":36}},"10":{"start":{"line":17,"column":17},"end":{"line":17,"column":54}},"11":{"start":{"line":18,"column":4},"end":{"line":22,"column":5}},"12":{"start":{"line":19,"column":6},"end":{"line":19,"column":22}},"13":{"start":{"line":20,"column":6},"end":{"line":20,"column":67}},"14":{"start":{"line":21,"column":6},"end":{"line":21,"column":13}},"15":{"start":{"line":23,"column":4},"end":{"line":23,"column":20}},"16":{"start":{"line":24,"column":4},"end":{"line":24,"column":38}},"17":{"start":{"line":26,"column":4},"end":{"line":26,"column":14}},"18":{"start":{"line":30,"column":0},"end":{"line":38,"column":2}},"19":{"start":{"line":31,"column":2},"end":{"line":37,"column":3}},"20":{"start":{"line":32,"column":19},"end":{"line":32,"column":61}},"21":{"start":{"line":33,"column":4},"end":{"line":33,"column":20}},"22":{"start":{"line":34,"column":4},"end":{"line":34,"column":46}},"23":{"start":{"line":36,"column":4},"end":{"line":36,"column":14}},"24":{"start":{"line":40,"column":0},"end":{"line":54,"column":2}},"25":{"start":{"line":41,"column":2},"end":{"line":53,"column":3}},"26":{"start":{"line":42,"column":15},"end":{"line":42,"column":36}},"27":{"start":{"line":43,"column":20},"end":{"line":43,"column":66}},"28":{"start":{"line":44,"column":4},"end":{"line":48,"column":5}},"29":{"start":{"line":45,"column":6},"end":{"line":45,"column":22}},"30":{"start":{"line":46,"column":6},"end":{"line":46,"column":78}},"31":{"start":{"line":47,"column":6},"end":{"line":47,"column":13}},"32":{"start":{"line":49,"column":4},"end":{"line":49,"column":20}},"33":{"start":{"line":50,"column":4},"end":{"line":50,"column":47}},"34":{"start":{"line":52,"column":4},"end":{"line":52,"column":14}},"35":{"start":{"line":56,"column":0},"end":{"line":70,"column":2}},"36":{"start":{"line":57,"column":2},"end":{"line":69,"column":3}},"37":{"start":{"line":58,"column":15},"end":{"line":58,"column":36}},"38":{"start":{"line":59,"column":20},"end":{"line":59,"column":56}},"39":{"start":{"line":60,"column":4},"end":{"line":64,"column":5}},"40":{"start":{"line":61,"column":6},"end":{"line":61,"column":22}},"41":{"start":{"line":62,"column":6},"end":{"line":62,"column":67}},"42":{"start":{"line":63,"column":6},"end":{"line":63,"column":13}},"43":{"start":{"line":65,"column":4},"end":{"line":65,"column":20}},"44":{"start":{"line":66,"column":4},"end":{"line":66,"column":15}},"45":{"start":{"line":68,"column":4},"end":{"line":68,"column":14}}},"fnMap":{"0":{"name":"(anonymous_0)","decl":{"start":{"line":4,"column":21},"end":{"line":4,"column":22}},"loc":{"start":{"line":4,"column":47},"end":{"line":12,"column":1}},"line":4},"1":{"name":"(anonymous_1)","decl":{"start":{"line":14,"column":20},"end":{"line":14,"column":21}},"loc":{"start":{"line":14,"column":46},"end":{"line":28,"column":1}},"line":14},"2":{"name":"(anonymous_2)","decl":{"start":{"line":30,"column":23},"end":{"line":30,"column":24}},"loc":{"start":{"line":30,"column":49},"end":{"line":38,"column":1}},"line":30},"3":{"name":"(anonymous_3)","decl":{"start":{"line":40,"column":23},"end":{"line":40,"column":24}},"loc":{"start":{"line":40,"column":49},"end":{"line":54,"column":1}},"line":40},"4":{"name":"(anonymous_4)","decl":{"start":{"line":56,"column":23},"end":{"line":56,"column":24}},"loc":{"start":{"line":56,"column":49},"end":{"line":70,"column":1}},"line":56}},"branchMap":{"0":{"loc":{"start":{"line":18,"column":4},"end":{"line":22,"column":5}},"type":"if","locations":[{"start":{"line":18,"column":4},"end":{"line":22,"column":5}},{"start":{},"end":{}}],"line":18},"1":{"loc":{"start":{"line":44,"column":4},"end":{"line":48,"column":5}},"type":"if","locations":[{"start":{"line":44,"column":4},"end":{"line":48,"column":5}},{"start":{},"end":{}}],"line":44},"2":{"loc":{"start":{"line":60,"column":4},"end":{"line":64,"column":5}},"type":"if","locations":[{"start":{"line":60,"column":4},"end":{"line":64,"column":5}},{"start":{},"end":{}}],"line":60}},"s":{"0":1,"1":1,"2":1,"3":1,"4":1,"5":1,"6":0,"7":1,"8":2,"9":2,"10":2,"11":0,"12":0,"13":0,"14":0,"15":0,"16":0,"17":2,"18":1,"19":1,"20":1,"21":0,"22":0,"23":1,"24":1,"25":2,"26":2,"27":2,"28":0,"29":0,"30":0,"31":0,"32":0,"33":0,"34":2,"35":1,"36":2,"37":2,"38":2,"39":0,"40":0,"41":0,"42":0,"43":0,"44":0,"45":2},"f":{"0":1,"1":2,"2":1,"3":2,"4":2},"b":{"0":[0,0],"1":[0,0],"2":[0,0]},"_coverageSchema":"1a1c01bbd47fc00a2c39e90264f33305004495a9","hash":"96270b67a7bbe6667827de6113c50e92bec31ea7"}
,"D:\\Gerardo\\workspace\\proyectoTaller5\\sistemaGestionCursos\\backend\\src\\controllers\\enrollmentController.js": {"path":"D:\\Gerardo\\workspace\\proyectoTaller5\\sistemaGestionCursos\\backend\\src\\controllers\\enrollmentController.js","statementMap":{"0":{"start":{"line":1,"column":24},"end":{"line":1,"column":60}},"1":{"start":{"line":3,"column":22},"end":{"line":14,"column":1}},"2":{"start":{"line":4,"column":2},"end":{"line":13,"column":3}},"3":{"start":{"line":5,"column":22},"end":{"line":5,"column":33}},"4":{"start":{"line":6,"column":25},"end":{"line":6,"column":33}},"5":{"start":{"line":8,"column":23},"end":{"line":8,"column":79}},"6":{"start":{"line":9,"column":4},"end":{"line":9,"column":44}},"7":{"start":{"line":11,"column":4},"end":{"line":11,"column":53}},"8":{"start":{"line":12,"column":4},"end":{"line":12,"column":58}},"9":{"start":{"line":16,"column":32},"end":{"line":25,"column":1}},"10":{"start":{"line":17,"column":2},"end":{"line":24,"column":3}},"11":{"start":{"line":18,"column":22},"end":{"line":18,"column":33}},"12":{"start":{"line":19,"column":24},"end":{"line":19,"column":80}},"13":{"start":{"line":20,"column":4},"end":{"line":20,"column":33}},"14":{"start":{"line":22,"column":4},"end":{"line":22,"column":56}},"15":{"start":{"line":23,"column":4},"end":{"line":23,"column":68}},"16":{"start":{"line":27,"column":25},"end":{"line":36,"column":1}},"17":{"start":{"line":28,"column":2},"end":{"line":35,"column":3}},"18":{"start":{"line":29,"column":19},"end":{"line":29,"column":29}},"19":{"start":{"line":30,"column":4},"end":{"line":30,"column":47}},"20":{"start":{"line":31,"column":4},"end":{"line":31,"column":34}},"21":{"start":{"line":33,"column":4},"end":{"line":33,"column":55}},"22":{"start":{"line":34,"column":4},"end":{"line":34,"column":68}},"23":{"start":{"line":38,"column":0},"end":{"line":42,"column":2}}},"fnMap":{"0":{"name":"(anonymous_0)","decl":{"start":{"line":3,"column":22},"end":{"line":3,"column":23}},"loc":{"start":{"line":3,"column":42},"end":{"line":14,"column":1}},"line":3},"1":{"name":"(anonymous_1)","decl":{"start":{"line":16,"column":32},"end":{"line":16,"column":33}},"loc":{"start":{"line":16,"column":52},"end":{"line":25,"column":1}},"line":16},"2":{"name":"(anonymous_2)","decl":{"start":{"line":27,"column":25},"end":{"line":27,"column":26}},"loc":{"start":{"line":27,"column":45},"end":{"line":36,"column":1}},"line":27}},"branchMap":{},"s":{"0":1,"1":1,"2":2,"3":2,"4":2,"5":2,"6":1,"7":1,"8":1,"9":1,"10":1,"11":1,"12":1,"13":1,"14":0,"15":0,"16":1,"17":1,"18":1,"19":1,"20":1,"21":0,"22":0,"23":1},"f":{"0":2,"1":1,"2":1},"b":{},"_coverageSchema":"1a1c01bbd47fc00a2c39e90264f33305004495a9","hash":"fa85bc58ec74898301bc12efc408e4f42ec51a41"}
,"D:\\Gerardo\\workspace\\proyectoTaller5\\sistemaGestionCursos\\backend\\src\\controllers\\gradesController.js": {"path":"D:\\Gerardo\\workspace\\proyectoTaller5\\sistemaGestionCursos\\backend\\src\\controllers\\gradesController.js","statementMap":{"0":{"start":{"line":1,"column":20},"end":{"line":1,"column":52}},"1":{"start":{"line":3,"column":20},"end":{"line":12,"column":1}},"2":{"start":{"line":4,"column":2},"end":{"line":11,"column":3}},"3":{"start":{"line":5,"column":43},"end":{"line":5,"column":51}},"4":{"start":{"line":6,"column":19},"end":{"line":6,"column":76}},"5":{"start":{"line":7,"column":4},"end":{"line":7,"column":40}},"6":{"start":{"line":9,"column":4},"end":{"line":9,"column":51}},"7":{"start":{"line":10,"column":4},"end":{"line":10,"column":58}},"8":{"start":{"line":14,"column":27},"end":{"line":23,"column":1}},"9":{"start":{"line":15,"column":2},"end":{"line":22,"column":3}},"10":{"start":{"line":16,"column":22},"end":{"line":16,"column":33}},"11":{"start":{"line":17,"column":19},"end":{"line":17,"column":66}},"12":{"start":{"line":18,"column":4},"end":{"line":18,"column":28}},"13":{"start":{"line":20,"column":4},"end":{"line":20,"column":51}},"14":{"start":{"line":21,"column":4},"end":{"line":21,"column":68}},"15":{"start":{"line":25,"column":20},"end":{"line":38,"column":1}},"16":{"start":{"line":26,"column":2},"end":{"line":37,"column":3}},"17":{"start":{"line":27,"column":19},"end":{"line":27,"column":29}},"18":{"start":{"line":28,"column":22},"end":{"line":28,"column":30}},"19":{"start":{"line":29,"column":20},"end":{"line":29,"column":60}},"20":{"start":{"line":30,"column":4},"end":{"line":32,"column":5}},"21":{"start":{"line":31,"column":6},"end":{"line":31,"column":64}},"22":{"start":{"line":33,"column":4},"end":{"line":33,"column":29}},"23":{"start":{"line":35,"column":4},"end":{"line":35,"column":50}},"24":{"start":{"line":36,"column":4},"end":{"line":36,"column":58}},"25":{"start":{"line":40,"column":20},"end":{"line":49,"column":1}},"26":{"start":{"line":41,"column":2},"end":{"line":48,"column":3}},"27":{"start":{"line":42,"column":19},"end":{"line":42,"column":29}},"28":{"start":{"line":43,"column":4},"end":{"line":43,"column":38}},"29":{"start":{"line":44,"column":4},"end":{"line":44,"column":34}},"30":{"start":{"line":46,"column":4},"end":{"line":46,"column":50}},"31":{"start":{"line":47,"column":4},"end":{"line":47,"column":68}},"32":{"start":{"line":51,"column":0},"end":{"line":56,"column":2}}},"fnMap":{"0":{"name":"(anonymous_0)","decl":{"start":{"line":3,"column":20},"end":{"line":3,"column":21}},"loc":{"start":{"line":3,"column":40},"end":{"line":12,"column":1}},"line":3},"1":{"name":"(anonymous_1)","decl":{"start":{"line":14,"column":27},"end":{"line":14,"column":28}},"loc":{"start":{"line":14,"column":47},"end":{"line":23,"column":1}},"line":14},"2":{"name":"(anonymous_2)","decl":{"start":{"line":25,"column":20},"end":{"line":25,"column":21}},"loc":{"start":{"line":25,"column":40},"end":{"line":38,"column":1}},"line":25},"3":{"name":"(anonymous_3)","decl":{"start":{"line":40,"column":20},"end":{"line":40,"column":21}},"loc":{"start":{"line":40,"column":40},"end":{"line":49,"column":1}},"line":40}},"branchMap":{"0":{"loc":{"start":{"line":30,"column":4},"end":{"line":32,"column":5}},"type":"if","locations":[{"start":{"line":30,"column":4},"end":{"line":32,"column":5}},{"start":{},"end":{}}],"line":30}},"s":{"0":1,"1":1,"2":2,"3":2,"4":2,"5":1,"6":1,"7":1,"8":1,"9":1,"10":1,"11":1,"12":1,"13":0,"14":0,"15":1,"16":2,"17":2,"18":2,"19":2,"20":2,"21":1,"22":1,"23":0,"24":0,"25":1,"26":1,"27":1,"28":1,"29":1,"30":0,"31":0,"32":1},"f":{"0":2,"1":1,"2":2,"3":1},"b":{"0":[1,1]},"_coverageSchema":"1a1c01bbd47fc00a2c39e90264f33305004495a9","hash":"5a6f3f238bc796b61e69f1cd238120d120b942bc"}
,"D:\\Gerardo\\workspace\\proyectoTaller5\\sistemaGestionCursos\\backend\\src\\middlewares\\authMiddleware.js": {"path":"D:\\Gerardo\\workspace\\proyectoTaller5\\sistemaGestionCursos\\backend\\src\\middlewares\\authMiddleware.js","statementMap":{"0":{"start":{"line":1,"column":12},"end":{"line":1,"column":35}},"1":{"start":{"line":3,"column":23},"end":{"line":26,"column":1}},"2":{"start":{"line":4,"column":2},"end":{"line":25,"column":4}},"3":{"start":{"line":5,"column":4},"end":{"line":24,"column":5}},"4":{"start":{"line":6,"column":25},"end":{"line":6,"column":50}},"5":{"start":{"line":8,"column":6},"end":{"line":10,"column":7}},"6":{"start":{"line":9,"column":8},"end":{"line":9,"column":68}},"7":{"start":{"line":12,"column":20},"end":{"line":12,"column":44}},"8":{"start":{"line":13,"column":22},"end":{"line":13,"column":63}},"9":{"start":{"line":15,"column":6},"end":{"line":17,"column":7}},"10":{"start":{"line":16,"column":8},"end":{"line":16,"column":90}},"11":{"start":{"line":19,"column":6},"end":{"line":19,"column":25}},"12":{"start":{"line":20,"column":6},"end":{"line":20,"column":13}},"13":{"start":{"line":22,"column":6},"end":{"line":22,"column":51}},"14":{"start":{"line":23,"column":6},"end":{"line":23,"column":73}},"15":{"start":{"line":28,"column":0},"end":{"line":28,"column":32}}},"fnMap":{"0":{"name":"(anonymous_0)","decl":{"start":{"line":3,"column":23},"end":{"line":3,"column":24}},"loc":{"start":{"line":3,"column":44},"end":{"line":26,"column":1}},"line":3},"1":{"name":"(anonymous_1)","decl":{"start":{"line":4,"column":9},"end":{"line":4,"column":10}},"loc":{"start":{"line":4,"column":29},"end":{"line":25,"column":3}},"line":4}},"branchMap":{"0":{"loc":{"start":{"line":8,"column":6},"end":{"line":10,"column":7}},"type":"if","locations":[{"start":{"line":8,"column":6},"end":{"line":10,"column":7}},{"start":{},"end":{}}],"line":8},"1":{"loc":{"start":{"line":8,"column":10},"end":{"line":8,"column":58}},"type":"binary-expr","locations":[{"start":{"line":8,"column":10},"end":{"line":8,"column":21}},{"start":{"line":8,"column":25},"end":{"line":8,"column":58}}],"line":8},"2":{"loc":{"start":{"line":15,"column":6},"end":{"line":17,"column":7}},"type":"if","locations":[{"start":{"line":15,"column":6},"end":{"line":17,"column":7}},{"start":{},"end":{}}],"line":15}},"s":{"0":1,"1":1,"2":10,"3":10,"4":10,"5":10,"6":2,"7":8,"8":8,"9":6,"10":1,"11":5,"12":5,"13":2,"14":2,"15":1},"f":{"0":10,"1":10},"b":{"0":[2,8],"1":[10,9],"2":[1,5]},"_coverageSchema":"1a1c01bbd47fc00a2c39e90264f33305004495a9","hash":"84beb12f29880d850b3015edca2eda4e8d8d5569"}
,"D:\\Gerardo\\workspace\\proyectoTaller5\\sistemaGestionCursos\\backend\\src\\models\\courseModel.js": {"path":"D:\\Gerardo\\workspace\\proyectoTaller5\\sistemaGestionCursos\\backend\\src\\models\\courseModel.js","statementMap":{"0":{"start":{"line":3,"column":13},"end":{"line":3,"column":36}},"1":{"start":{"line":7,"column":17},"end":{"line":7,"column":70}},"2":{"start":{"line":8,"column":2},"end":{"line":8,"column":21}},"3":{"start":{"line":13,"column":17},"end":{"line":13,"column":78}},"4":{"start":{"line":14,"column":2},"end":{"line":14,"column":24}},"5":{"start":{"line":19,"column":2},"end":{"line":21,"column":3}},"6":{"start":{"line":20,"column":4},"end":{"line":20,"column":43}},"7":{"start":{"line":22,"column":17},"end":{"line":26,"column":3}},"8":{"start":{"line":27,"column":2},"end":{"line":27,"column":24}},"9":{"start":{"line":32,"column":17},"end":{"line":37,"column":3}},"10":{"start":{"line":38,"column":2},"end":{"line":38,"column":24}},"11":{"start":{"line":43,"column":2},"end":{"line":43,"column":62}},"12":{"start":{"line":46,"column":0},"end":{"line":52,"column":2}}},"fnMap":{"0":{"name":"getAllCourses","decl":{"start":{"line":6,"column":15},"end":{"line":6,"column":28}},"loc":{"start":{"line":6,"column":31},"end":{"line":9,"column":1}},"line":6},"1":{"name":"getCourseById","decl":{"start":{"line":12,"column":15},"end":{"line":12,"column":28}},"loc":{"start":{"line":12,"column":33},"end":{"line":15,"column":1}},"line":12},"2":{"name":"createCourse","decl":{"start":{"line":18,"column":15},"end":{"line":18,"column":27}},"loc":{"start":{"line":18,"column":68},"end":{"line":28,"column":1}},"line":18},"3":{"name":"updateCourse","decl":{"start":{"line":31,"column":15},"end":{"line":31,"column":27}},"loc":{"start":{"line":31,"column":61},"end":{"line":39,"column":1}},"line":31},"4":{"name":"deleteCourse","decl":{"start":{"line":42,"column":15},"end":{"line":42,"column":27}},"loc":{"start":{"line":42,"column":32},"end":{"line":44,"column":1}},"line":42}},"branchMap":{"0":{"loc":{"start":{"line":19,"column":2},"end":{"line":21,"column":3}},"type":"if","locations":[{"start":{"line":19,"column":2},"end":{"line":21,"column":3}},{"start":{},"end":{}}],"line":19},"1":{"loc":{"start":{"line":19,"column":6},"end":{"line":19,"column":54}},"type":"binary-expr","locations":[{"start":{"line":19,"column":6},"end":{"line":19,"column":11}},{"start":{"line":19,"column":15},"end":{"line":19,"column":27}},{"start":{"line":19,"column":31},"end":{"line":19,"column":40}},{"start":{"line":19,"column":44},"end":{"line":19,"column":54}}],"line":19}},"s":{"0":3,"1":2,"2":1,"3":1,"4":1,"5":2,"6":1,"7":1,"8":1,"9":1,"10":1,"11":1,"12":3},"f":{"0":2,"1":1,"2":2,"3":1,"4":1},"b":{"0":[1,1],"1":[2,1,1,1]},"_coverageSchema":"1a1c01bbd47fc00a2c39e90264f33305004495a9","hash":"90890ab32988cb0d0b42e7bdecea4e6d11ee3127"}
,"D:\\Gerardo\\workspace\\proyectoTaller5\\sistemaGestionCursos\\backend\\src\\models\\enrollmentModel.js": {"path":"D:\\Gerardo\\workspace\\proyectoTaller5\\sistemaGestionCursos\\backend\\src\\models\\enrollmentModel.js","statementMap":{"0":{"start":{"line":1,"column":17},"end":{"line":1,"column":40}},"1":{"start":{"line":3,"column":22},"end":{"line":25,"column":1}},"2":{"start":{"line":4,"column":2},"end":{"line":6,"column":3}},"3":{"start":{"line":5,"column":4},"end":{"line":5,"column":47}},"4":{"start":{"line":9,"column":22},"end":{"line":11,"column":3}},"5":{"start":{"line":12,"column":17},"end":{"line":12,"column":69}},"6":{"start":{"line":13,"column":2},"end":{"line":15,"column":3}},"7":{"start":{"line":14,"column":4},"end":{"line":14,"column":63}},"8":{"start":{"line":18,"column":22},"end":{"line":22,"column":3}},"9":{"start":{"line":23,"column":17},"end":{"line":23,"column":69}},"10":{"start":{"line":24,"column":2},"end":{"line":24,"column":24}},"11":{"start":{"line":27,"column":32},"end":{"line":36,"column":1}},"12":{"start":{"line":28,"column":16},"end":{"line":33,"column":3}},"13":{"start":{"line":34,"column":17},"end":{"line":34,"column":53}},"14":{"start":{"line":35,"column":2},"end":{"line":35,"column":21}},"15":{"start":{"line":38,"column":25},"end":{"line":40,"column":1}},"16":{"start":{"line":39,"column":2},"end":{"line":39,"column":66}},"17":{"start":{"line":42,"column":0},"end":{"line":46,"column":2}}},"fnMap":{"0":{"name":"(anonymous_0)","decl":{"start":{"line":3,"column":22},"end":{"line":3,"column":23}},"loc":{"start":{"line":3,"column":53},"end":{"line":25,"column":1}},"line":3},"1":{"name":"(anonymous_1)","decl":{"start":{"line":27,"column":32},"end":{"line":27,"column":33}},"loc":{"start":{"line":27,"column":53},"end":{"line":36,"column":1}},"line":27},"2":{"name":"(anonymous_2)","decl":{"start":{"line":38,"column":25},"end":{"line":38,"column":26}},"loc":{"start":{"line":38,"column":39},"end":{"line":40,"column":1}},"line":38}},"branchMap":{"0":{"loc":{"start":{"line":4,"column":2},"end":{"line":6,"column":3}},"type":"if","locations":[{"start":{"line":4,"column":2},"end":{"line":6,"column":3}},{"start":{},"end":{}}],"line":4},"1":{"loc":{"start":{"line":4,"column":6},"end":{"line":4,"column":29}},"type":"binary-expr","locations":[{"start":{"line":4,"column":6},"end":{"line":4,"column":16}},{"start":{"line":4,"column":20},"end":{"line":4,"column":29}}],"line":4},"2":{"loc":{"start":{"line":13,"column":2},"end":{"line":15,"column":3}},"type":"if","locations":[{"start":{"line":13,"column":2},"end":{"line":15,"column":3}},{"start":{},"end":{}}],"line":13}},"s":{"0":2,"1":2,"2":3,"3":1,"4":2,"5":2,"6":2,"7":1,"8":1,"9":1,"10":1,"11":2,"12":2,"13":2,"14":1,"15":2,"16":1,"17":2},"f":{"0":3,"1":2,"2":1},"b":{"0":[1,2],"1":[3,2],"2":[1,1]},"_coverageSchema":"1a1c01bbd47fc00a2c39e90264f33305004495a9","hash":"69ed998ff3bcd14244d5758a37b490a03167685a"}
,"D:\\Gerardo\\workspace\\proyectoTaller5\\sistemaGestionCursos\\backend\\src\\models\\gradesModel.js": {"path":"D:\\Gerardo\\workspace\\proyectoTaller5\\sistemaGestionCursos\\backend\\src\\models\\gradesModel.js","statementMap":{"0":{"start":{"line":1,"column":17},"end":{"line":1,"column":40}},"1":{"start":{"line":3,"column":20},"end":{"line":24,"column":1}},"2":{"start":{"line":4,"column":2},"end":{"line":6,"column":3}},"3":{"start":{"line":5,"column":4},"end":{"line":5,"column":42}},"4":{"start":{"line":9,"column":22},"end":{"line":11,"column":3}},"5":{"start":{"line":12,"column":17},"end":{"line":12,"column":69}},"6":{"start":{"line":13,"column":2},"end":{"line":15,"column":3}},"7":{"start":{"line":14,"column":4},"end":{"line":14,"column":62}},"8":{"start":{"line":17,"column":22},"end":{"line":21,"column":3}},"9":{"start":{"line":22,"column":17},"end":{"line":22,"column":76}},"10":{"start":{"line":23,"column":2},"end":{"line":23,"column":24}},"11":{"start":{"line":26,"column":27},"end":{"line":35,"column":1}},"12":{"start":{"line":27,"column":16},"end":{"line":32,"column":3}},"13":{"start":{"line":33,"column":17},"end":{"line":33,"column":53}},"14":{"start":{"line":34,"column":2},"end":{"line":34,"column":21}},"15":{"start":{"line":37,"column":20},"end":{"line":43,"column":1}},"16":{"start":{"line":38,"column":17},"end":{"line":41,"column":3}},"17":{"start":{"line":42,"column":2},"end":{"line":42,"column":24}},"18":{"start":{"line":45,"column":20},"end":{"line":47,"column":1}},"19":{"start":{"line":46,"column":2},"end":{"line":46,"column":61}},"20":{"start":{"line":49,"column":0},"end":{"line":54,"column":2}}},"fnMap":{"0":{"name":"(anonymous_0)","decl":{"start":{"line":3,"column":20},"end":{"line":3,"column":21}},"loc":{"start":{"line":3,"column":58},"end":{"line":24,"column":1}},"line":3},"1":{"name":"(anonymous_1)","decl":{"start":{"line":26,"column":27},"end":{"line":26,"column":28}},"loc":{"start":{"line":26,"column":48},"end":{"line":35,"column":1}},"line":26},"2":{"name":"(anonymous_2)","decl":{"start":{"line":37,"column":20},"end":{"line":37,"column":21}},"loc":{"start":{"line":37,"column":41},"end":{"line":43,"column":1}},"line":37},"3":{"name":"(anonymous_3)","decl":{"start":{"line":45,"column":20},"end":{"line":45,"column":21}},"loc":{"start":{"line":45,"column":34},"end":{"line":47,"column":1}},"line":45}},"branchMap":{"0":{"loc":{"start":{"line":4,"column":2},"end":{"line":6,"column":3}},"type":"if","locations":[{"start":{"line":4,"column":2},"end":{"line":6,"column":3}},{"start":{},"end":{}}],"line":4},"1":{"loc":{"start":{"line":4,"column":6},"end":{"line":4,"column":46}},"type":"binary-expr","locations":[{"start":{"line":4,"column":6},"end":{"line":4,"column":16}},{"start":{"line":4,"column":20},"end":{"line":4,"column":29}},{"start":{"line":4,"column":33},"end":{"line":4,"column":46}}],"line":4},"2":{"loc":{"start":{"line":13,"column":2},"end":{"line":15,"column":3}},"type":"if","locations":[{"start":{"line":13,"column":2},"end":{"line":15,"column":3}},{"start":{},"end":{}}],"line":13}},"s":{"0":2,"1":2,"2":3,"3":1,"4":2,"5":2,"6":2,"7":1,"8":1,"9":1,"10":1,"11":2,"12":2,"13":2,"14":1,"15":2,"16":1,"17":1,"18":2,"19":1,"20":2},"f":{"0":3,"1":2,"2":1,"3":1},"b":{"0":[1,2],"1":[3,2,2],"2":[1,1]},"_coverageSchema":"1a1c01bbd47fc00a2c39e90264f33305004495a9","hash":"3b778a6963641760be3fb0c2a1651815440009fc"}
,"D:\\Gerardo\\workspace\\proyectoTaller5\\sistemaGestionCursos\\backend\\src\\models\\userModel.js": {"path":"D:\\Gerardo\\workspace\\proyectoTaller5\\sistemaGestionCursos\\backend\\src\\models\\userModel.js","statementMap":{"0":{"start":{"line":3,"column":13},"end":{"line":3,"column":41}},"1":{"start":{"line":5,"column":19},"end":{"line":18,"column":1}},"2":{"start":{"line":6,"column":2},"end":{"line":8,"column":3}},"3":{"start":{"line":7,"column":4},"end":{"line":7,"column":41}},"4":{"start":{"line":10,"column":16},"end":{"line":14,"column":3}},"5":{"start":{"line":15,"column":17},"end":{"line":15,"column":52}},"6":{"start":{"line":16,"column":17},"end":{"line":16,"column":48}},"7":{"start":{"line":17,"column":2},"end":{"line":17,"column":24}},"8":{"start":{"line":20,"column":24},"end":{"line":24,"column":1}},"9":{"start":{"line":21,"column":16},"end":{"line":21,"column":54}},"10":{"start":{"line":22,"column":17},"end":{"line":22,"column":49}},"11":{"start":{"line":23,"column":2},"end":{"line":23,"column":24}},"12":{"start":{"line":26,"column":0},"end":{"line":29,"column":2}}},"fnMap":{"0":{"name":"(anonymous_0)","decl":{"start":{"line":5,"column":19},"end":{"line":5,"column":20}},"loc":{"start":{"line":5,"column":64},"end":{"line":18,"column":1}},"line":5},"1":{"name":"(anonymous_1)","decl":{"start":{"line":20,"column":24},"end":{"line":20,"column":25}},"loc":{"start":{"line":20,"column":41},"end":{"line":24,"column":1}},"line":20}},"branchMap":{"0":{"loc":{"start":{"line":6,"column":2},"end":{"line":8,"column":3}},"type":"if","locations":[{"start":{"line":6,"column":2},"end":{"line":8,"column":3}},{"start":{},"end":{}}],"line":6},"1":{"loc":{"start":{"line":6,"column":6},"end":{"line":6,"column":49}},"type":"binary-expr","locations":[{"start":{"line":6,"column":6},"end":{"line":6,"column":11}},{"start":{"line":6,"column":15},"end":{"line":6,"column":21}},{"start":{"line":6,"column":25},"end":{"line":6,"column":40}},{"start":{"line":6,"column":44},"end":{"line":6,"column":49}}],"line":6}},"s":{"0":1,"1":1,"2":6,"3":1,"4":5,"5":5,"6":5,"7":3,"8":1,"9":5,"10":5,"11":4,"12":1},"f":{"0":6,"1":5},"b":{"0":[1,5],"1":[6,5,5,5]},"_coverageSchema":"1a1c01bbd47fc00a2c39e90264f33305004495a9","hash":"50574d8911d2b57be6c893627d1a163fdd0fa4c7"}
,"D:\\Gerardo\\workspace\\proyectoTaller5\\sistemaGestionCursos\\backend\\src\\services\\authService.js": {"path":"D:\\Gerardo\\workspace\\proyectoTaller5\\sistemaGestionCursos\\backend\\src\\services\\authService.js","statementMap":{"0":{"start":{"line":1,"column":15},"end":{"line":1,"column":34}},"1":{"start":{"line":2,"column":12},"end":{"line":2,"column":35}},"2":{"start":{"line":3,"column":39},"end":{"line":3,"column":69}},"3":{"start":{"line":5,"column":20},"end":{"line":5,"column":22}},"4":{"start":{"line":6,"column":19},"end":{"line":6,"column":41}},"5":{"start":{"line":7,"column":25},"end":{"line":7,"column":29}},"6":{"start":{"line":15,"column":17},"end":{"line":15,"column":57}},"7":{"start":{"line":16,"column":18},"end":{"line":16,"column":75}},"8":{"start":{"line":17,"column":2},"end":{"line":17,"column":26}},"9":{"start":{"line":18,"column":2},"end":{"line":18,"column":17}},"10":{"start":{"line":28,"column":15},"end":{"line":28,"column":42}},"11":{"start":{"line":29,"column":2},"end":{"line":29,"column":55}},"12":{"start":{"line":29,"column":13},"end":{"line":29,"column":55}},"13":{"start":{"line":30,"column":16},"end":{"line":30,"column":61}},"14":{"start":{"line":31,"column":2},"end":{"line":31,"column":56}},"15":{"start":{"line":31,"column":14},"end":{"line":31,"column":56}},"16":{"start":{"line":32,"column":18},"end":{"line":32,"column":50}},"17":{"start":{"line":33,"column":2},"end":{"line":33,"column":72}},"18":{"start":{"line":36,"column":0},"end":{"line":36,"column":37}}},"fnMap":{"0":{"name":"register","decl":{"start":{"line":14,"column":15},"end":{"line":14,"column":23}},"loc":{"start":{"line":14,"column":57},"end":{"line":19,"column":1}},"line":14},"1":{"name":"login","decl":{"start":{"line":27,"column":15},"end":{"line":27,"column":20}},"loc":{"start":{"line":27,"column":38},"end":{"line":34,"column":1}},"line":27}},"branchMap":{"0":{"loc":{"start":{"line":29,"column":2},"end":{"line":29,"column":55}},"type":"if","locations":[{"start":{"line":29,"column":2},"end":{"line":29,"column":55}},{"start":{},"end":{}}],"line":29},"1":{"loc":{"start":{"line":31,"column":2},"end":{"line":31,"column":56}},"type":"if","locations":[{"start":{"line":31,"column":2},"end":{"line":31,"column":56}},{"start":{},"end":{}}],"line":31}},"s":{"0":1,"1":1,"2":1,"3":1,"4":1,"5":1,"6":0,"7":0,"8":0,"9":0,"10":4,"11":4,"12":2,"13":2,"14":2,"15":1,"16":1,"17":1,"18":1},"f":{"0":0,"1":4},"b":{"0":[2,2],"1":[1,1]},"_coverageSchema":"1a1c01bbd47fc00a2c39e90264f33305004495a9","hash":"9b11083250d752b4c730b253abf8cc266e2a4fd6"}
,"D:\\Gerardo\\workspace\\proyectoTaller5\\sistemaGestionCursos\\backend\\src\\services\\courseService.js": {"path":"D:\\Gerardo\\workspace\\proyectoTaller5\\sistemaGestionCursos\\backend\\src\\services\\courseService.js","statementMap":{"0":{"start":{"line":9,"column":4},"end":{"line":9,"column":36}},"1":{"start":{"line":12,"column":2},"end":{"line":12,"column":31}},"2":{"start":{"line":16,"column":17},"end":{"line":16,"column":40}},"3":{"start":{"line":17,"column":2},"end":{"line":17,"column":54}},"4":{"start":{"line":17,"column":15},"end":{"line":17,"column":54}},"5":{"start":{"line":18,"column":2},"end":{"line":18,"column":16}},"6":{"start":{"line":22,"column":2},"end":{"line":22,"column":34}},"7":{"start":{"line":26,"column":17},"end":{"line":26,"column":45}},"8":{"start":{"line":27,"column":2},"end":{"line":27,"column":65}},"9":{"start":{"line":27,"column":15},"end":{"line":27,"column":65}},"10":{"start":{"line":28,"column":2},"end":{"line":28,"column":16}},"11":{"start":{"line":32,"column":2},"end":{"line":32,"column":25}},"12":{"start":{"line":33,"column":2},"end":{"line":33,"column":27}},"13":{"start":{"line":36,"column":0},"end":{"line":42,"column":2}}},"fnMap":{"0":{"name":"listCourses","decl":{"start":{"line":11,"column":15},"end":{"line":11,"column":26}},"loc":{"start":{"line":11,"column":29},"end":{"line":13,"column":1}},"line":11},"1":{"name":"findCourse","decl":{"start":{"line":15,"column":15},"end":{"line":15,"column":25}},"loc":{"start":{"line":15,"column":30},"end":{"line":19,"column":1}},"line":15},"2":{"name":"addCourse","decl":{"start":{"line":21,"column":15},"end":{"line":21,"column":24}},"loc":{"start":{"line":21,"column":31},"end":{"line":23,"column":1}},"line":21},"3":{"name":"editCourse","decl":{"start":{"line":25,"column":15},"end":{"line":25,"column":25}},"loc":{"start":{"line":25,"column":36},"end":{"line":29,"column":1}},"line":25},"4":{"name":"removeCourse","decl":{"start":{"line":31,"column":15},"end":{"line":31,"column":27}},"loc":{"start":{"line":31,"column":32},"end":{"line":34,"column":1}},"line":31}},"branchMap":{"0":{"loc":{"start":{"line":17,"column":2},"end":{"line":17,"column":54}},"type":"if","locations":[{"start":{"line":17,"column":2},"end":{"line":17,"column":54}},{"start":{},"end":{}}],"line":17},"1":{"loc":{"start":{"line":27,"column":2},"end":{"line":27,"column":65}},"type":"if","locations":[{"start":{"line":27,"column":2},"end":{"line":27,"column":65}},{"start":{},"end":{}}],"line":27}},"s":{"0":2,"1":2,"2":2,"3":2,"4":1,"5":1,"6":2,"7":2,"8":2,"9":1,"10":1,"11":2,"12":1,"13":2},"f":{"0":2,"1":2,"2":2,"3":2,"4":2},"b":{"0":[1,1],"1":[1,1]},"_coverageSchema":"1a1c01bbd47fc00a2c39e90264f33305004495a9","hash":"8230275ee94cbf14d598283109b391667593d49f"}
}
