TN:
SF:src\config\db.js
FNF:0
FNH:0
DA:4,4
DA:5,4
DA:7,4
DA:18,4
LF:4
LH:4
BRF:0
BRH:0
end_of_record
TN:
SF:src\controllers\courseController.js
FN:4,(anonymous_0)
FN:14,(anonymous_1)
FN:30,(anonymous_2)
FN:40,(anonymous_3)
FN:56,(anonymous_4)
FNF:5
FNH:5
FNDA:1,(anonymous_0)
FNDA:2,(anonymous_1)
FNDA:1,(anonymous_2)
FNDA:2,(anonymous_3)
FNDA:2,(anonymous_4)
DA:2,1
DA:4,1
DA:5,1
DA:6,1
DA:7,1
DA:8,1
DA:10,0
DA:14,1
DA:15,2
DA:16,2
DA:17,2
DA:18,0
DA:19,0
DA:20,0
DA:21,0
DA:23,0
DA:24,0
DA:26,2
DA:30,1
DA:31,1
DA:32,1
DA:33,0
DA:34,0
DA:36,1
DA:40,1
DA:41,2
DA:42,2
DA:43,2
DA:44,0
DA:45,0
DA:46,0
DA:47,0
DA:49,0
DA:50,0
DA:52,2
DA:56,1
DA:57,2
DA:58,2
DA:59,2
DA:60,0
DA:61,0
DA:62,0
DA:63,0
DA:65,0
DA:66,0
DA:68,2
LF:46
LH:25
BRDA:18,0,0,0
BRDA:18,0,1,0
BRDA:44,1,0,0
BRDA:44,1,1,0
BRDA:60,2,0,0
BRDA:60,2,1,0
BRF:6
BRH:0
end_of_record
TN:
SF:src\controllers\enrollmentController.js
FN:3,(anonymous_0)
FN:16,(anonymous_1)
FN:27,(anonymous_2)
FNF:3
FNH:3
FNDA:2,(anonymous_0)
FNDA:1,(anonymous_1)
FNDA:1,(anonymous_2)
DA:1,1
DA:3,1
DA:4,2
DA:5,2
DA:6,2
DA:8,2
DA:9,1
DA:11,1
DA:12,1
DA:16,1
DA:17,1
DA:18,1
DA:19,1
DA:20,1
DA:22,0
DA:23,0
DA:27,1
DA:28,1
DA:29,1
DA:30,1
DA:31,1
DA:33,0
DA:34,0
DA:38,1
LF:24
LH:20
BRF:0
BRH:0
end_of_record
TN:
SF:src\controllers\gradesController.js
FN:3,(anonymous_0)
FN:14,(anonymous_1)
FN:25,(anonymous_2)
FN:40,(anonymous_3)
FNF:4
FNH:4
FNDA:2,(anonymous_0)
FNDA:1,(anonymous_1)
FNDA:2,(anonymous_2)
FNDA:1,(anonymous_3)
DA:1,1
DA:3,1
DA:4,2
DA:5,2
DA:6,2
DA:7,1
DA:9,1
DA:10,1
DA:14,1
DA:15,1
DA:16,1
DA:17,1
DA:18,1
DA:20,0
DA:21,0
DA:25,1
DA:26,2
DA:27,2
DA:28,2
DA:29,2
DA:30,2
DA:31,1
DA:33,1
DA:35,0
DA:36,0
DA:40,1
DA:41,1
DA:42,1
DA:43,1
DA:44,1
DA:46,0
DA:47,0
DA:51,1
LF:33
LH:27
BRDA:30,0,0,1
BRDA:30,0,1,1
BRF:2
BRH:2
end_of_record
TN:
SF:src\middlewares\authMiddleware.js
FN:3,(anonymous_0)
FN:4,(anonymous_1)
FNF:2
FNH:2
FNDA:10,(anonymous_0)
FNDA:10,(anonymous_1)
DA:1,1
DA:3,1
DA:4,10
DA:5,10
DA:6,10
DA:8,10
DA:9,2
DA:12,8
DA:13,8
DA:15,6
DA:16,1
DA:19,5
DA:20,5
DA:22,2
DA:23,2
DA:28,1
LF:16
LH:16
BRDA:8,0,0,2
BRDA:8,0,1,8
BRDA:8,1,0,10
BRDA:8,1,1,9
BRDA:15,2,0,1
BRDA:15,2,1,5
BRF:6
BRH:6
end_of_record
TN:
SF:src\models\courseModel.js
FN:6,getAllCourses
FN:12,getCourseById
FN:18,createCourse
FN:31,updateCourse
FN:42,deleteCourse
FNF:5
FNH:5
FNDA:2,getAllCourses
FNDA:1,getCourseById
FNDA:2,createCourse
FNDA:1,updateCourse
FNDA:1,deleteCourse
DA:3,3
DA:7,2
DA:8,1
DA:13,1
DA:14,1
DA:19,2
DA:20,1
DA:22,1
DA:27,1
DA:32,1
DA:38,1
DA:43,1
DA:46,3
LF:13
LH:13
BRDA:19,0,0,1
BRDA:19,0,1,1
BRDA:19,1,0,2
BRDA:19,1,1,1
BRDA:19,1,2,1
BRDA:19,1,3,1
BRF:6
BRH:6
end_of_record
TN:
SF:src\models\enrollmentModel.js
FN:3,(anonymous_0)
FN:27,(anonymous_1)
FN:38,(anonymous_2)
FNF:3
FNH:3
FNDA:3,(anonymous_0)
FNDA:2,(anonymous_1)
FNDA:1,(anonymous_2)
DA:1,2
DA:3,2
DA:4,3
DA:5,1
DA:9,2
DA:12,2
DA:13,2
DA:14,1
DA:18,1
DA:23,1
DA:24,1
DA:27,2
DA:28,2
DA:34,2
DA:35,1
DA:38,2
DA:39,1
DA:42,2
LF:18
LH:18
BRDA:4,0,0,1
BRDA:4,0,1,2
BRDA:4,1,0,3
BRDA:4,1,1,2
BRDA:13,2,0,1
BRDA:13,2,1,1
BRF:6
BRH:6
end_of_record
TN:
SF:src\models\gradesModel.js
FN:3,(anonymous_0)
FN:26,(anonymous_1)
FN:37,(anonymous_2)
FN:45,(anonymous_3)
FNF:4
FNH:4
FNDA:3,(anonymous_0)
FNDA:2,(anonymous_1)
FNDA:1,(anonymous_2)
FNDA:1,(anonymous_3)
DA:1,2
DA:3,2
DA:4,3
DA:5,1
DA:9,2
DA:12,2
DA:13,2
DA:14,1
DA:17,1
DA:22,1
DA:23,1
DA:26,2
DA:27,2
DA:33,2
DA:34,1
DA:37,2
DA:38,1
DA:42,1
DA:45,2
DA:46,1
DA:49,2
LF:21
LH:21
BRDA:4,0,0,1
BRDA:4,0,1,2
BRDA:4,1,0,3
BRDA:4,1,1,2
BRDA:4,1,2,2
BRDA:13,2,0,1
BRDA:13,2,1,1
BRF:7
BRH:7
end_of_record
TN:
SF:src\models\userModel.js
FN:5,(anonymous_0)
FN:20,(anonymous_1)
FNF:2
FNH:2
FNDA:6,(anonymous_0)
FNDA:5,(anonymous_1)
DA:3,1
DA:5,1
DA:6,6
DA:7,1
DA:10,5
DA:15,5
DA:16,5
DA:17,3
DA:20,1
DA:21,5
DA:22,5
DA:23,4
DA:26,1
LF:13
LH:13
BRDA:6,0,0,1
BRDA:6,0,1,5
BRDA:6,1,0,6
BRDA:6,1,1,5
BRDA:6,1,2,5
BRDA:6,1,3,5
BRF:6
BRH:6
end_of_record
TN:
SF:src\services\authService.js
FN:14,register
FN:27,login
FNF:2
FNH:1
FNDA:0,register
FNDA:4,login
DA:1,1
DA:2,1
DA:3,1
DA:5,1
DA:6,1
DA:7,1
DA:15,0
DA:16,0
DA:17,0
DA:18,0
DA:28,4
DA:29,4
DA:30,2
DA:31,2
DA:32,1
DA:33,1
DA:36,1
LF:17
LH:13
BRDA:29,0,0,2
BRDA:29,0,1,2
BRDA:31,1,0,1
BRDA:31,1,1,1
BRF:4
BRH:4
end_of_record
TN:
SF:src\services\courseService.js
FN:11,listCourses
FN:15,findCourse
FN:21,addCourse
FN:25,editCourse
FN:31,removeCourse
FNF:5
FNH:5
FNDA:2,listCourses
FNDA:2,findCourse
FNDA:2,addCourse
FNDA:2,editCourse
FNDA:2,removeCourse
DA:9,2
DA:12,2
DA:16,2
DA:17,2
DA:18,1
DA:22,2
DA:26,2
DA:27,2
DA:28,1
DA:32,2
DA:33,1
DA:36,2
LF:12
LH:12
BRDA:17,0,0,1
BRDA:17,0,1,1
BRDA:27,1,0,1
BRDA:27,1,1,1
BRF:4
BRH:4
end_of_record
